2017-12-27 13:56:55 [127.0.0.1][-][-][error][yii\base\ErrorException:64] exception 'yii\base\ErrorException' with message 'Can't use method return value in write context' in E:\phpstudy\WWW\Yii2\backend\controllers\SiteController.php:19
Stack trace:
#0 [internal function]: yii\base\ErrorHandler->handleFatalError()
#1 {main}
2017-12-27 13:56:55 [127.0.0.1][-][-][info][application] $_SERVER = [
    'HTTP_HOST' => 'admin.demo.com'
    'HTTP_CONNECTION' => 'keep-alive'
    'HTTP_PRAGMA' => 'no-cache'
    'HTTP_CACHE_CONTROL' => 'no-cache'
    'HTTP_UPGRADE_INSECURE_REQUESTS' => '1'
    'HTTP_USER_AGENT' => 'Mozilla/5.0 (Windows NT 10.0; WOW64) AppleWebKit/537.36 (KHTML, like Gecko) Chrome/60.0.3112.90 Safari/537.36'
    'HTTP_ACCEPT' => 'text/html,application/xhtml+xml,application/xml;q=0.9,image/webp,image/apng,*/*;q=0.8'
    'HTTP_ACCEPT_ENCODING' => 'gzip, deflate'
    'HTTP_ACCEPT_LANGUAGE' => 'zh-CN,zh;q=0.8'
    'PATH' => 'C:\\Windows\\system32;C:\\Windows;C:\\Windows\\System32\\Wbem;C:\\Windows\\System32\\WindowsPowerShell\\v1.0\\;E:\\phpstudy\\php\\php-5.4.45;E:\\phpstudy\\php\\php-5.4.45\\ext;'
    'SystemRoot' => 'C:\\Windows'
    'COMSPEC' => 'C:\\Windows\\system32\\cmd.exe'
    'PATHEXT' => '.COM;.EXE;.BAT;.CMD;.VBS;.VBE;.JS;.JSE;.WSF;.WSH;.MSC'
    'WINDIR' => 'C:\\Windows'
    'SERVER_SIGNATURE' => ''
    'SERVER_SOFTWARE' => 'Apache/2.4.23 (Win32) OpenSSL/1.0.2j PHP/5.4.45'
    'SERVER_NAME' => 'admin.demo.com'
    'SERVER_ADDR' => '127.0.0.1'
    'SERVER_PORT' => '80'
    'REMOTE_ADDR' => '127.0.0.1'
    'DOCUMENT_ROOT' => 'E:/phpstudy/WWW/Yii2/backend/web'
    'REQUEST_SCHEME' => 'http'
    'CONTEXT_PREFIX' => ''
    'CONTEXT_DOCUMENT_ROOT' => 'E:/phpstudy/WWW/Yii2/backend/web'
    'SERVER_ADMIN' => 'admin@phpStudy.net'
    'SCRIPT_FILENAME' => 'E:/phpstudy/WWW/Yii2/backend/web/index.php'
    'REMOTE_PORT' => '55879'
    'GATEWAY_INTERFACE' => 'CGI/1.1'
    'SERVER_PROTOCOL' => 'HTTP/1.1'
    'REQUEST_METHOD' => 'GET'
    'QUERY_STRING' => ''
    'REQUEST_URI' => '/'
    'SCRIPT_NAME' => '/index.php'
    'PHP_SELF' => '/index.php'
    'REQUEST_TIME_FLOAT' => 1514383015.93
    'REQUEST_TIME' => 1514383015
]
2017-12-27 13:57:57 [127.0.0.1][-][-][error][yii\base\ErrorException:64] exception 'yii\base\ErrorException' with message 'Can't use method return value in write context' in E:\phpstudy\WWW\Yii2\backend\controllers\SiteController.php:19
Stack trace:
#0 [internal function]: yii\base\ErrorHandler->handleFatalError()
#1 {main}
2017-12-27 13:57:57 [127.0.0.1][-][-][info][application] $_SERVER = [
    'HTTP_HOST' => 'admin.demo.com'
    'HTTP_CONNECTION' => 'keep-alive'
    'HTTP_PRAGMA' => 'no-cache'
    'HTTP_CACHE_CONTROL' => 'no-cache'
    'HTTP_UPGRADE_INSECURE_REQUESTS' => '1'
    'HTTP_USER_AGENT' => 'Mozilla/5.0 (Windows NT 10.0; WOW64) AppleWebKit/537.36 (KHTML, like Gecko) Chrome/60.0.3112.90 Safari/537.36'
    'HTTP_ACCEPT' => 'text/html,application/xhtml+xml,application/xml;q=0.9,image/webp,image/apng,*/*;q=0.8'
    'HTTP_ACCEPT_ENCODING' => 'gzip, deflate'
    'HTTP_ACCEPT_LANGUAGE' => 'zh-CN,zh;q=0.8'
    'PATH' => 'C:\\Windows\\system32;C:\\Windows;C:\\Windows\\System32\\Wbem;C:\\Windows\\System32\\WindowsPowerShell\\v1.0\\;E:\\phpstudy\\php\\php-5.4.45;E:\\phpstudy\\php\\php-5.4.45\\ext;'
    'SystemRoot' => 'C:\\Windows'
    'COMSPEC' => 'C:\\Windows\\system32\\cmd.exe'
    'PATHEXT' => '.COM;.EXE;.BAT;.CMD;.VBS;.VBE;.JS;.JSE;.WSF;.WSH;.MSC'
    'WINDIR' => 'C:\\Windows'
    'SERVER_SIGNATURE' => ''
    'SERVER_SOFTWARE' => 'Apache/2.4.23 (Win32) OpenSSL/1.0.2j PHP/5.4.45'
    'SERVER_NAME' => 'admin.demo.com'
    'SERVER_ADDR' => '127.0.0.1'
    'SERVER_PORT' => '80'
    'REMOTE_ADDR' => '127.0.0.1'
    'DOCUMENT_ROOT' => 'E:/phpstudy/WWW/Yii2/backend/web'
    'REQUEST_SCHEME' => 'http'
    'CONTEXT_PREFIX' => ''
    'CONTEXT_DOCUMENT_ROOT' => 'E:/phpstudy/WWW/Yii2/backend/web'
    'SERVER_ADMIN' => 'admin@phpStudy.net'
    'SCRIPT_FILENAME' => 'E:/phpstudy/WWW/Yii2/backend/web/index.php'
    'REMOTE_PORT' => '55882'
    'GATEWAY_INTERFACE' => 'CGI/1.1'
    'SERVER_PROTOCOL' => 'HTTP/1.1'
    'REQUEST_METHOD' => 'GET'
    'QUERY_STRING' => ''
    'REQUEST_URI' => '/'
    'SCRIPT_NAME' => '/index.php'
    'PHP_SELF' => '/index.php'
    'REQUEST_TIME_FLOAT' => 1514383077.215
    'REQUEST_TIME' => 1514383077
]
2017-12-27 13:58:58 [127.0.0.1][-][-][error][yii\base\ErrorException:64] exception 'yii\base\ErrorException' with message 'Can't use method return value in write context' in E:\phpstudy\WWW\Yii2\backend\controllers\SiteController.php:19
Stack trace:
#0 [internal function]: yii\base\ErrorHandler->handleFatalError()
#1 {main}
2017-12-27 13:58:58 [127.0.0.1][-][-][info][application] $_SERVER = [
    'HTTP_HOST' => 'admin.demo.com'
    'HTTP_ACCEPT_ENCODING' => 'compress,gzip'
    'HTTP_CONNECTION' => 'Close'
    'PATH' => 'C:\\Windows\\system32;C:\\Windows;C:\\Windows\\System32\\Wbem;C:\\Windows\\System32\\WindowsPowerShell\\v1.0\\;E:\\phpstudy\\php\\php-5.4.45;E:\\phpstudy\\php\\php-5.4.45\\ext;'
    'SystemRoot' => 'C:\\Windows'
    'COMSPEC' => 'C:\\Windows\\system32\\cmd.exe'
    'PATHEXT' => '.COM;.EXE;.BAT;.CMD;.VBS;.VBE;.JS;.JSE;.WSF;.WSH;.MSC'
    'WINDIR' => 'C:\\Windows'
    'SERVER_SIGNATURE' => ''
    'SERVER_SOFTWARE' => 'Apache/2.4.23 (Win32) OpenSSL/1.0.2j PHP/5.4.45'
    'SERVER_NAME' => 'admin.demo.com'
    'SERVER_ADDR' => '127.0.0.1'
    'SERVER_PORT' => '80'
    'REMOTE_ADDR' => '127.0.0.1'
    'DOCUMENT_ROOT' => 'E:/phpstudy/WWW/Yii2/backend/web'
    'REQUEST_SCHEME' => 'http'
    'CONTEXT_PREFIX' => ''
    'CONTEXT_DOCUMENT_ROOT' => 'E:/phpstudy/WWW/Yii2/backend/web'
    'SERVER_ADMIN' => 'admin@phpStudy.net'
    'SCRIPT_FILENAME' => 'E:/phpstudy/WWW/Yii2/backend/web/index.php'
    'REMOTE_PORT' => '55884'
    'GATEWAY_INTERFACE' => 'CGI/1.1'
    'SERVER_PROTOCOL' => 'HTTP/1.1'
    'REQUEST_METHOD' => 'GET'
    'QUERY_STRING' => ''
    'REQUEST_URI' => '/index.php'
    'SCRIPT_NAME' => '/index.php'
    'PHP_SELF' => '/index.php'
    'REQUEST_TIME_FLOAT' => 1514383077.275
    'REQUEST_TIME' => 1514383077
]
2017-12-27 13:59:45 [127.0.0.1][-][-][error][yii\base\ErrorException:64] exception 'yii\base\ErrorException' with message 'Can't use method return value in write context' in E:\phpstudy\WWW\Yii2\backend\controllers\SiteController.php:19
Stack trace:
#0 [internal function]: yii\base\ErrorHandler->handleFatalError()
#1 {main}
2017-12-27 13:59:45 [127.0.0.1][-][-][info][application] $_SERVER = [
    'HTTP_HOST' => 'admin.demo.com'
    'HTTP_CONNECTION' => 'keep-alive'
    'HTTP_PRAGMA' => 'no-cache'
    'HTTP_CACHE_CONTROL' => 'no-cache'
    'HTTP_UPGRADE_INSECURE_REQUESTS' => '1'
    'HTTP_USER_AGENT' => 'Mozilla/5.0 (Windows NT 10.0; WOW64) AppleWebKit/537.36 (KHTML, like Gecko) Chrome/60.0.3112.90 Safari/537.36'
    'HTTP_ACCEPT' => 'text/html,application/xhtml+xml,application/xml;q=0.9,image/webp,image/apng,*/*;q=0.8'
    'HTTP_ACCEPT_ENCODING' => 'gzip, deflate'
    'HTTP_ACCEPT_LANGUAGE' => 'zh-CN,zh;q=0.8'
    'PATH' => 'C:\\Windows\\system32;C:\\Windows;C:\\Windows\\System32\\Wbem;C:\\Windows\\System32\\WindowsPowerShell\\v1.0\\;E:\\phpstudy\\php\\php-5.4.45;E:\\phpstudy\\php\\php-5.4.45\\ext;'
    'SystemRoot' => 'C:\\Windows'
    'COMSPEC' => 'C:\\Windows\\system32\\cmd.exe'
    'PATHEXT' => '.COM;.EXE;.BAT;.CMD;.VBS;.VBE;.JS;.JSE;.WSF;.WSH;.MSC'
    'WINDIR' => 'C:\\Windows'
    'SERVER_SIGNATURE' => ''
    'SERVER_SOFTWARE' => 'Apache/2.4.23 (Win32) OpenSSL/1.0.2j PHP/5.4.45'
    'SERVER_NAME' => 'admin.demo.com'
    'SERVER_ADDR' => '127.0.0.1'
    'SERVER_PORT' => '80'
    'REMOTE_ADDR' => '127.0.0.1'
    'DOCUMENT_ROOT' => 'E:/phpstudy/WWW/Yii2/backend/web'
    'REQUEST_SCHEME' => 'http'
    'CONTEXT_PREFIX' => ''
    'CONTEXT_DOCUMENT_ROOT' => 'E:/phpstudy/WWW/Yii2/backend/web'
    'SERVER_ADMIN' => 'admin@phpStudy.net'
    'SCRIPT_FILENAME' => 'E:/phpstudy/WWW/Yii2/backend/web/index.php'
    'REMOTE_PORT' => '55906'
    'GATEWAY_INTERFACE' => 'CGI/1.1'
    'SERVER_PROTOCOL' => 'HTTP/1.1'
    'REQUEST_METHOD' => 'GET'
    'QUERY_STRING' => ''
    'REQUEST_URI' => '/'
    'SCRIPT_NAME' => '/index.php'
    'PHP_SELF' => '/index.php'
    'REQUEST_TIME_FLOAT' => 1514383185.057
    'REQUEST_TIME' => 1514383185
]
2017-12-27 14:00:38 [127.0.0.1][-][-][error][yii\base\ErrorException:64] exception 'yii\base\ErrorException' with message 'Can't use method return value in write context' in E:\phpstudy\WWW\Yii2\backend\controllers\CommonController.php:23
Stack trace:
#0 [internal function]: yii\base\ErrorHandler->handleFatalError()
#1 {main}
2017-12-27 14:00:38 [127.0.0.1][-][-][info][application] $_SERVER = [
    'HTTP_HOST' => 'admin.demo.com'
    'HTTP_CONNECTION' => 'keep-alive'
    'HTTP_PRAGMA' => 'no-cache'
    'HTTP_CACHE_CONTROL' => 'no-cache'
    'HTTP_UPGRADE_INSECURE_REQUESTS' => '1'
    'HTTP_USER_AGENT' => 'Mozilla/5.0 (Windows NT 10.0; WOW64) AppleWebKit/537.36 (KHTML, like Gecko) Chrome/60.0.3112.90 Safari/537.36'
    'HTTP_ACCEPT' => 'text/html,application/xhtml+xml,application/xml;q=0.9,image/webp,image/apng,*/*;q=0.8'
    'HTTP_ACCEPT_ENCODING' => 'gzip, deflate'
    'HTTP_ACCEPT_LANGUAGE' => 'zh-CN,zh;q=0.8'
    'PATH' => 'C:\\Windows\\system32;C:\\Windows;C:\\Windows\\System32\\Wbem;C:\\Windows\\System32\\WindowsPowerShell\\v1.0\\;E:\\phpstudy\\php\\php-5.4.45;E:\\phpstudy\\php\\php-5.4.45\\ext;'
    'SystemRoot' => 'C:\\Windows'
    'COMSPEC' => 'C:\\Windows\\system32\\cmd.exe'
    'PATHEXT' => '.COM;.EXE;.BAT;.CMD;.VBS;.VBE;.JS;.JSE;.WSF;.WSH;.MSC'
    'WINDIR' => 'C:\\Windows'
    'SERVER_SIGNATURE' => ''
    'SERVER_SOFTWARE' => 'Apache/2.4.23 (Win32) OpenSSL/1.0.2j PHP/5.4.45'
    'SERVER_NAME' => 'admin.demo.com'
    'SERVER_ADDR' => '127.0.0.1'
    'SERVER_PORT' => '80'
    'REMOTE_ADDR' => '127.0.0.1'
    'DOCUMENT_ROOT' => 'E:/phpstudy/WWW/Yii2/backend/web'
    'REQUEST_SCHEME' => 'http'
    'CONTEXT_PREFIX' => ''
    'CONTEXT_DOCUMENT_ROOT' => 'E:/phpstudy/WWW/Yii2/backend/web'
    'SERVER_ADMIN' => 'admin@phpStudy.net'
    'SCRIPT_FILENAME' => 'E:/phpstudy/WWW/Yii2/backend/web/index.php'
    'REMOTE_PORT' => '55917'
    'GATEWAY_INTERFACE' => 'CGI/1.1'
    'SERVER_PROTOCOL' => 'HTTP/1.1'
    'REQUEST_METHOD' => 'GET'
    'QUERY_STRING' => ''
    'REQUEST_URI' => '/'
    'SCRIPT_NAME' => '/index.php'
    'PHP_SELF' => '/index.php'
    'REQUEST_TIME_FLOAT' => 1514383238.835
    'REQUEST_TIME' => 1514383238
]
2017-12-27 14:00:57 [127.0.0.1][-][-][error][yii\base\ErrorException:64] exception 'yii\base\ErrorException' with message 'Can't use method return value in write context' in E:\phpstudy\WWW\Yii2\backend\controllers\CommonController.php:23
Stack trace:
#0 [internal function]: yii\base\ErrorHandler->handleFatalError()
#1 {main}
2017-12-27 14:00:57 [127.0.0.1][-][-][info][application] $_SERVER = [
    'HTTP_HOST' => 'admin.demo.com'
    'HTTP_CONNECTION' => 'keep-alive'
    'HTTP_PRAGMA' => 'no-cache'
    'HTTP_CACHE_CONTROL' => 'no-cache'
    'HTTP_UPGRADE_INSECURE_REQUESTS' => '1'
    'HTTP_USER_AGENT' => 'Mozilla/5.0 (Windows NT 10.0; WOW64) AppleWebKit/537.36 (KHTML, like Gecko) Chrome/60.0.3112.90 Safari/537.36'
    'HTTP_ACCEPT' => 'text/html,application/xhtml+xml,application/xml;q=0.9,image/webp,image/apng,*/*;q=0.8'
    'HTTP_ACCEPT_ENCODING' => 'gzip, deflate'
    'HTTP_ACCEPT_LANGUAGE' => 'zh-CN,zh;q=0.8'
    'PATH' => 'C:\\Windows\\system32;C:\\Windows;C:\\Windows\\System32\\Wbem;C:\\Windows\\System32\\WindowsPowerShell\\v1.0\\;E:\\phpstudy\\php\\php-5.4.45;E:\\phpstudy\\php\\php-5.4.45\\ext;'
    'SystemRoot' => 'C:\\Windows'
    'COMSPEC' => 'C:\\Windows\\system32\\cmd.exe'
    'PATHEXT' => '.COM;.EXE;.BAT;.CMD;.VBS;.VBE;.JS;.JSE;.WSF;.WSH;.MSC'
    'WINDIR' => 'C:\\Windows'
    'SERVER_SIGNATURE' => ''
    'SERVER_SOFTWARE' => 'Apache/2.4.23 (Win32) OpenSSL/1.0.2j PHP/5.4.45'
    'SERVER_NAME' => 'admin.demo.com'
    'SERVER_ADDR' => '127.0.0.1'
    'SERVER_PORT' => '80'
    'REMOTE_ADDR' => '127.0.0.1'
    'DOCUMENT_ROOT' => 'E:/phpstudy/WWW/Yii2/backend/web'
    'REQUEST_SCHEME' => 'http'
    'CONTEXT_PREFIX' => ''
    'CONTEXT_DOCUMENT_ROOT' => 'E:/phpstudy/WWW/Yii2/backend/web'
    'SERVER_ADMIN' => 'admin@phpStudy.net'
    'SCRIPT_FILENAME' => 'E:/phpstudy/WWW/Yii2/backend/web/index.php'
    'REMOTE_PORT' => '55923'
    'GATEWAY_INTERFACE' => 'CGI/1.1'
    'SERVER_PROTOCOL' => 'HTTP/1.1'
    'REQUEST_METHOD' => 'GET'
    'QUERY_STRING' => ''
    'REQUEST_URI' => '/'
    'SCRIPT_NAME' => '/index.php'
    'PHP_SELF' => '/index.php'
    'REQUEST_TIME_FLOAT' => 1514383256.98
    'REQUEST_TIME' => 1514383256
]
2017-12-27 14:00:59 [127.0.0.1][-][-][error][yii\base\ErrorException:64] exception 'yii\base\ErrorException' with message 'Can't use method return value in write context' in E:\phpstudy\WWW\Yii2\backend\controllers\CommonController.php:23
Stack trace:
#0 [internal function]: yii\base\ErrorHandler->handleFatalError()
#1 {main}
2017-12-27 14:00:59 [127.0.0.1][-][-][info][application] $_SERVER = [
    'HTTP_HOST' => 'admin.demo.com'
    'HTTP_CONNECTION' => 'keep-alive'
    'HTTP_CACHE_CONTROL' => 'max-age=0'
    'HTTP_UPGRADE_INSECURE_REQUESTS' => '1'
    'HTTP_USER_AGENT' => 'Mozilla/5.0 (Windows NT 10.0; WOW64) AppleWebKit/537.36 (KHTML, like Gecko) Chrome/60.0.3112.90 Safari/537.36'
    'HTTP_ACCEPT' => 'text/html,application/xhtml+xml,application/xml;q=0.9,image/webp,image/apng,*/*;q=0.8'
    'HTTP_ACCEPT_ENCODING' => 'gzip, deflate'
    'HTTP_ACCEPT_LANGUAGE' => 'zh-CN,zh;q=0.8'
    'PATH' => 'C:\\Windows\\system32;C:\\Windows;C:\\Windows\\System32\\Wbem;C:\\Windows\\System32\\WindowsPowerShell\\v1.0\\;E:\\phpstudy\\php\\php-5.4.45;E:\\phpstudy\\php\\php-5.4.45\\ext;'
    'SystemRoot' => 'C:\\Windows'
    'COMSPEC' => 'C:\\Windows\\system32\\cmd.exe'
    'PATHEXT' => '.COM;.EXE;.BAT;.CMD;.VBS;.VBE;.JS;.JSE;.WSF;.WSH;.MSC'
    'WINDIR' => 'C:\\Windows'
    'SERVER_SIGNATURE' => ''
    'SERVER_SOFTWARE' => 'Apache/2.4.23 (Win32) OpenSSL/1.0.2j PHP/5.4.45'
    'SERVER_NAME' => 'admin.demo.com'
    'SERVER_ADDR' => '127.0.0.1'
    'SERVER_PORT' => '80'
    'REMOTE_ADDR' => '127.0.0.1'
    'DOCUMENT_ROOT' => 'E:/phpstudy/WWW/Yii2/backend/web'
    'REQUEST_SCHEME' => 'http'
    'CONTEXT_PREFIX' => ''
    'CONTEXT_DOCUMENT_ROOT' => 'E:/phpstudy/WWW/Yii2/backend/web'
    'SERVER_ADMIN' => 'admin@phpStudy.net'
    'SCRIPT_FILENAME' => 'E:/phpstudy/WWW/Yii2/backend/web/index.php'
    'REMOTE_PORT' => '55924'
    'GATEWAY_INTERFACE' => 'CGI/1.1'
    'SERVER_PROTOCOL' => 'HTTP/1.1'
    'REQUEST_METHOD' => 'GET'
    'QUERY_STRING' => ''
    'REQUEST_URI' => '/'
    'SCRIPT_NAME' => '/index.php'
    'PHP_SELF' => '/index.php'
    'REQUEST_TIME_FLOAT' => 1514383259.381
    'REQUEST_TIME' => 1514383259
]
2017-12-27 14:00:59 [127.0.0.1][-][-][error][yii\base\ErrorException:64] exception 'yii\base\ErrorException' with message 'Can't use method return value in write context' in E:\phpstudy\WWW\Yii2\backend\controllers\CommonController.php:23
Stack trace:
#0 [internal function]: yii\base\ErrorHandler->handleFatalError()
#1 {main}
2017-12-27 14:00:59 [127.0.0.1][-][-][info][application] $_SERVER = [
    'HTTP_HOST' => 'admin.demo.com'
    'HTTP_CONNECTION' => 'keep-alive'
    'HTTP_CACHE_CONTROL' => 'max-age=0'
    'HTTP_UPGRADE_INSECURE_REQUESTS' => '1'
    'HTTP_USER_AGENT' => 'Mozilla/5.0 (Windows NT 10.0; WOW64) AppleWebKit/537.36 (KHTML, like Gecko) Chrome/60.0.3112.90 Safari/537.36'
    'HTTP_ACCEPT' => 'text/html,application/xhtml+xml,application/xml;q=0.9,image/webp,image/apng,*/*;q=0.8'
    'HTTP_ACCEPT_ENCODING' => 'gzip, deflate'
    'HTTP_ACCEPT_LANGUAGE' => 'zh-CN,zh;q=0.8'
    'PATH' => 'C:\\Windows\\system32;C:\\Windows;C:\\Windows\\System32\\Wbem;C:\\Windows\\System32\\WindowsPowerShell\\v1.0\\;E:\\phpstudy\\php\\php-5.4.45;E:\\phpstudy\\php\\php-5.4.45\\ext;'
    'SystemRoot' => 'C:\\Windows'
    'COMSPEC' => 'C:\\Windows\\system32\\cmd.exe'
    'PATHEXT' => '.COM;.EXE;.BAT;.CMD;.VBS;.VBE;.JS;.JSE;.WSF;.WSH;.MSC'
    'WINDIR' => 'C:\\Windows'
    'SERVER_SIGNATURE' => ''
    'SERVER_SOFTWARE' => 'Apache/2.4.23 (Win32) OpenSSL/1.0.2j PHP/5.4.45'
    'SERVER_NAME' => 'admin.demo.com'
    'SERVER_ADDR' => '127.0.0.1'
    'SERVER_PORT' => '80'
    'REMOTE_ADDR' => '127.0.0.1'
    'DOCUMENT_ROOT' => 'E:/phpstudy/WWW/Yii2/backend/web'
    'REQUEST_SCHEME' => 'http'
    'CONTEXT_PREFIX' => ''
    'CONTEXT_DOCUMENT_ROOT' => 'E:/phpstudy/WWW/Yii2/backend/web'
    'SERVER_ADMIN' => 'admin@phpStudy.net'
    'SCRIPT_FILENAME' => 'E:/phpstudy/WWW/Yii2/backend/web/index.php'
    'REMOTE_PORT' => '55925'
    'GATEWAY_INTERFACE' => 'CGI/1.1'
    'SERVER_PROTOCOL' => 'HTTP/1.1'
    'REQUEST_METHOD' => 'GET'
    'QUERY_STRING' => ''
    'REQUEST_URI' => '/'
    'SCRIPT_NAME' => '/index.php'
    'PHP_SELF' => '/index.php'
    'REQUEST_TIME_FLOAT' => 1514383259.633
    'REQUEST_TIME' => 1514383259
]
2017-12-27 14:00:59 [127.0.0.1][-][-][error][yii\base\ErrorException:64] exception 'yii\base\ErrorException' with message 'Can't use method return value in write context' in E:\phpstudy\WWW\Yii2\backend\controllers\CommonController.php:23
Stack trace:
#0 [internal function]: yii\base\ErrorHandler->handleFatalError()
#1 {main}
2017-12-27 14:00:59 [127.0.0.1][-][-][info][application] $_SERVER = [
    'HTTP_HOST' => 'admin.demo.com'
    'HTTP_CONNECTION' => 'keep-alive'
    'HTTP_PRAGMA' => 'no-cache'
    'HTTP_CACHE_CONTROL' => 'no-cache'
    'HTTP_UPGRADE_INSECURE_REQUESTS' => '1'
    'HTTP_USER_AGENT' => 'Mozilla/5.0 (Windows NT 10.0; WOW64) AppleWebKit/537.36 (KHTML, like Gecko) Chrome/60.0.3112.90 Safari/537.36'
    'HTTP_ACCEPT' => 'text/html,application/xhtml+xml,application/xml;q=0.9,image/webp,image/apng,*/*;q=0.8'
    'HTTP_ACCEPT_ENCODING' => 'gzip, deflate'
    'HTTP_ACCEPT_LANGUAGE' => 'zh-CN,zh;q=0.8'
    'PATH' => 'C:\\Windows\\system32;C:\\Windows;C:\\Windows\\System32\\Wbem;C:\\Windows\\System32\\WindowsPowerShell\\v1.0\\;E:\\phpstudy\\php\\php-5.4.45;E:\\phpstudy\\php\\php-5.4.45\\ext;'
    'SystemRoot' => 'C:\\Windows'
    'COMSPEC' => 'C:\\Windows\\system32\\cmd.exe'
    'PATHEXT' => '.COM;.EXE;.BAT;.CMD;.VBS;.VBE;.JS;.JSE;.WSF;.WSH;.MSC'
    'WINDIR' => 'C:\\Windows'
    'SERVER_SIGNATURE' => ''
    'SERVER_SOFTWARE' => 'Apache/2.4.23 (Win32) OpenSSL/1.0.2j PHP/5.4.45'
    'SERVER_NAME' => 'admin.demo.com'
    'SERVER_ADDR' => '127.0.0.1'
    'SERVER_PORT' => '80'
    'REMOTE_ADDR' => '127.0.0.1'
    'DOCUMENT_ROOT' => 'E:/phpstudy/WWW/Yii2/backend/web'
    'REQUEST_SCHEME' => 'http'
    'CONTEXT_PREFIX' => ''
    'CONTEXT_DOCUMENT_ROOT' => 'E:/phpstudy/WWW/Yii2/backend/web'
    'SERVER_ADMIN' => 'admin@phpStudy.net'
    'SCRIPT_FILENAME' => 'E:/phpstudy/WWW/Yii2/backend/web/index.php'
    'REMOTE_PORT' => '55928'
    'GATEWAY_INTERFACE' => 'CGI/1.1'
    'SERVER_PROTOCOL' => 'HTTP/1.1'
    'REQUEST_METHOD' => 'GET'
    'QUERY_STRING' => ''
    'REQUEST_URI' => '/'
    'SCRIPT_NAME' => '/index.php'
    'PHP_SELF' => '/index.php'
    'REQUEST_TIME_FLOAT' => 1514383259.832
    'REQUEST_TIME' => 1514383259
]
2017-12-27 14:01:00 [127.0.0.1][-][-][error][yii\base\ErrorException:64] exception 'yii\base\ErrorException' with message 'Can't use method return value in write context' in E:\phpstudy\WWW\Yii2\backend\controllers\CommonController.php:23
Stack trace:
#0 [internal function]: yii\base\ErrorHandler->handleFatalError()
#1 {main}
2017-12-27 14:01:00 [127.0.0.1][-][-][info][application] $_SERVER = [
    'HTTP_HOST' => 'admin.demo.com'
    'HTTP_CONNECTION' => 'keep-alive'
    'HTTP_PRAGMA' => 'no-cache'
    'HTTP_CACHE_CONTROL' => 'no-cache'
    'HTTP_UPGRADE_INSECURE_REQUESTS' => '1'
    'HTTP_USER_AGENT' => 'Mozilla/5.0 (Windows NT 10.0; WOW64) AppleWebKit/537.36 (KHTML, like Gecko) Chrome/60.0.3112.90 Safari/537.36'
    'HTTP_ACCEPT' => 'text/html,application/xhtml+xml,application/xml;q=0.9,image/webp,image/apng,*/*;q=0.8'
    'HTTP_ACCEPT_ENCODING' => 'gzip, deflate'
    'HTTP_ACCEPT_LANGUAGE' => 'zh-CN,zh;q=0.8'
    'PATH' => 'C:\\Windows\\system32;C:\\Windows;C:\\Windows\\System32\\Wbem;C:\\Windows\\System32\\WindowsPowerShell\\v1.0\\;E:\\phpstudy\\php\\php-5.4.45;E:\\phpstudy\\php\\php-5.4.45\\ext;'
    'SystemRoot' => 'C:\\Windows'
    'COMSPEC' => 'C:\\Windows\\system32\\cmd.exe'
    'PATHEXT' => '.COM;.EXE;.BAT;.CMD;.VBS;.VBE;.JS;.JSE;.WSF;.WSH;.MSC'
    'WINDIR' => 'C:\\Windows'
    'SERVER_SIGNATURE' => ''
    'SERVER_SOFTWARE' => 'Apache/2.4.23 (Win32) OpenSSL/1.0.2j PHP/5.4.45'
    'SERVER_NAME' => 'admin.demo.com'
    'SERVER_ADDR' => '127.0.0.1'
    'SERVER_PORT' => '80'
    'REMOTE_ADDR' => '127.0.0.1'
    'DOCUMENT_ROOT' => 'E:/phpstudy/WWW/Yii2/backend/web'
    'REQUEST_SCHEME' => 'http'
    'CONTEXT_PREFIX' => ''
    'CONTEXT_DOCUMENT_ROOT' => 'E:/phpstudy/WWW/Yii2/backend/web'
    'SERVER_ADMIN' => 'admin@phpStudy.net'
    'SCRIPT_FILENAME' => 'E:/phpstudy/WWW/Yii2/backend/web/index.php'
    'REMOTE_PORT' => '55929'
    'GATEWAY_INTERFACE' => 'CGI/1.1'
    'SERVER_PROTOCOL' => 'HTTP/1.1'
    'REQUEST_METHOD' => 'GET'
    'QUERY_STRING' => ''
    'REQUEST_URI' => '/'
    'SCRIPT_NAME' => '/index.php'
    'PHP_SELF' => '/index.php'
    'REQUEST_TIME_FLOAT' => 1514383260.001
    'REQUEST_TIME' => 1514383260
]
2017-12-27 14:01:18 [127.0.0.1][-][-][error][yii\base\ErrorException:64] exception 'yii\base\ErrorException' with message 'Can't use method return value in write context' in E:\phpstudy\WWW\Yii2\backend\controllers\CommonController.php:23
Stack trace:
#0 [internal function]: yii\base\ErrorHandler->handleFatalError()
#1 {main}
2017-12-27 14:01:18 [127.0.0.1][-][-][info][application] $_SERVER = [
    'HTTP_HOST' => 'admin.demo.com'
    'HTTP_CONNECTION' => 'keep-alive'
    'HTTP_PRAGMA' => 'no-cache'
    'HTTP_CACHE_CONTROL' => 'no-cache'
    'HTTP_UPGRADE_INSECURE_REQUESTS' => '1'
    'HTTP_USER_AGENT' => 'Mozilla/5.0 (Windows NT 10.0; WOW64) AppleWebKit/537.36 (KHTML, like Gecko) Chrome/60.0.3112.90 Safari/537.36'
    'HTTP_ACCEPT' => 'text/html,application/xhtml+xml,application/xml;q=0.9,image/webp,image/apng,*/*;q=0.8'
    'HTTP_ACCEPT_ENCODING' => 'gzip, deflate'
    'HTTP_ACCEPT_LANGUAGE' => 'zh-CN,zh;q=0.8'
    'PATH' => 'C:\\Windows\\system32;C:\\Windows;C:\\Windows\\System32\\Wbem;C:\\Windows\\System32\\WindowsPowerShell\\v1.0\\;E:\\phpstudy\\php\\php-5.4.45;E:\\phpstudy\\php\\php-5.4.45\\ext;'
    'SystemRoot' => 'C:\\Windows'
    'COMSPEC' => 'C:\\Windows\\system32\\cmd.exe'
    'PATHEXT' => '.COM;.EXE;.BAT;.CMD;.VBS;.VBE;.JS;.JSE;.WSF;.WSH;.MSC'
    'WINDIR' => 'C:\\Windows'
    'SERVER_SIGNATURE' => ''
    'SERVER_SOFTWARE' => 'Apache/2.4.23 (Win32) OpenSSL/1.0.2j PHP/5.4.45'
    'SERVER_NAME' => 'admin.demo.com'
    'SERVER_ADDR' => '127.0.0.1'
    'SERVER_PORT' => '80'
    'REMOTE_ADDR' => '127.0.0.1'
    'DOCUMENT_ROOT' => 'E:/phpstudy/WWW/Yii2/backend/web'
    'REQUEST_SCHEME' => 'http'
    'CONTEXT_PREFIX' => ''
    'CONTEXT_DOCUMENT_ROOT' => 'E:/phpstudy/WWW/Yii2/backend/web'
    'SERVER_ADMIN' => 'admin@phpStudy.net'
    'SCRIPT_FILENAME' => 'E:/phpstudy/WWW/Yii2/backend/web/index.php'
    'REMOTE_PORT' => '55934'
    'GATEWAY_INTERFACE' => 'CGI/1.1'
    'SERVER_PROTOCOL' => 'HTTP/1.1'
    'REQUEST_METHOD' => 'GET'
    'QUERY_STRING' => ''
    'REQUEST_URI' => '/'
    'SCRIPT_NAME' => '/index.php'
    'PHP_SELF' => '/index.php'
    'REQUEST_TIME_FLOAT' => 1514383278.374
    'REQUEST_TIME' => 1514383278
]
2017-12-27 14:01:20 [127.0.0.1][-][-][error][yii\base\ErrorException:64] exception 'yii\base\ErrorException' with message 'Can't use method return value in write context' in E:\phpstudy\WWW\Yii2\backend\controllers\CommonController.php:23
Stack trace:
#0 [internal function]: yii\base\ErrorHandler->handleFatalError()
#1 {main}
2017-12-27 14:01:20 [127.0.0.1][-][-][info][application] $_SERVER = [
    'HTTP_HOST' => 'admin.demo.com'
    'HTTP_CONNECTION' => 'keep-alive'
    'HTTP_CACHE_CONTROL' => 'max-age=0'
    'HTTP_UPGRADE_INSECURE_REQUESTS' => '1'
    'HTTP_USER_AGENT' => 'Mozilla/5.0 (Windows NT 10.0; WOW64) AppleWebKit/537.36 (KHTML, like Gecko) Chrome/60.0.3112.90 Safari/537.36'
    'HTTP_ACCEPT' => 'text/html,application/xhtml+xml,application/xml;q=0.9,image/webp,image/apng,*/*;q=0.8'
    'HTTP_ACCEPT_ENCODING' => 'gzip, deflate'
    'HTTP_ACCEPT_LANGUAGE' => 'zh-CN,zh;q=0.8'
    'PATH' => 'C:\\Windows\\system32;C:\\Windows;C:\\Windows\\System32\\Wbem;C:\\Windows\\System32\\WindowsPowerShell\\v1.0\\;E:\\phpstudy\\php\\php-5.4.45;E:\\phpstudy\\php\\php-5.4.45\\ext;'
    'SystemRoot' => 'C:\\Windows'
    'COMSPEC' => 'C:\\Windows\\system32\\cmd.exe'
    'PATHEXT' => '.COM;.EXE;.BAT;.CMD;.VBS;.VBE;.JS;.JSE;.WSF;.WSH;.MSC'
    'WINDIR' => 'C:\\Windows'
    'SERVER_SIGNATURE' => ''
    'SERVER_SOFTWARE' => 'Apache/2.4.23 (Win32) OpenSSL/1.0.2j PHP/5.4.45'
    'SERVER_NAME' => 'admin.demo.com'
    'SERVER_ADDR' => '127.0.0.1'
    'SERVER_PORT' => '80'
    'REMOTE_ADDR' => '127.0.0.1'
    'DOCUMENT_ROOT' => 'E:/phpstudy/WWW/Yii2/backend/web'
    'REQUEST_SCHEME' => 'http'
    'CONTEXT_PREFIX' => ''
    'CONTEXT_DOCUMENT_ROOT' => 'E:/phpstudy/WWW/Yii2/backend/web'
    'SERVER_ADMIN' => 'admin@phpStudy.net'
    'SCRIPT_FILENAME' => 'E:/phpstudy/WWW/Yii2/backend/web/index.php'
    'REMOTE_PORT' => '55935'
    'GATEWAY_INTERFACE' => 'CGI/1.1'
    'SERVER_PROTOCOL' => 'HTTP/1.1'
    'REQUEST_METHOD' => 'GET'
    'QUERY_STRING' => ''
    'REQUEST_URI' => '/'
    'SCRIPT_NAME' => '/index.php'
    'PHP_SELF' => '/index.php'
    'REQUEST_TIME_FLOAT' => 1514383280.843
    'REQUEST_TIME' => 1514383280
]
2017-12-27 14:01:23 [127.0.0.1][-][-][error][yii\base\ErrorException:64] exception 'yii\base\ErrorException' with message 'Can't use method return value in write context' in E:\phpstudy\WWW\Yii2\backend\controllers\CommonController.php:23
Stack trace:
#0 [internal function]: yii\base\ErrorHandler->handleFatalError()
#1 {main}
2017-12-27 14:01:23 [127.0.0.1][-][-][info][application] $_SERVER = [
    'HTTP_HOST' => 'admin.demo.com'
    'HTTP_CONNECTION' => 'keep-alive'
    'HTTP_CACHE_CONTROL' => 'max-age=0'
    'HTTP_UPGRADE_INSECURE_REQUESTS' => '1'
    'HTTP_USER_AGENT' => 'Mozilla/5.0 (Windows NT 10.0; WOW64) AppleWebKit/537.36 (KHTML, like Gecko) Chrome/60.0.3112.90 Safari/537.36'
    'HTTP_ACCEPT' => 'text/html,application/xhtml+xml,application/xml;q=0.9,image/webp,image/apng,*/*;q=0.8'
    'HTTP_ACCEPT_ENCODING' => 'gzip, deflate'
    'HTTP_ACCEPT_LANGUAGE' => 'zh-CN,zh;q=0.8'
    'PATH' => 'C:\\Windows\\system32;C:\\Windows;C:\\Windows\\System32\\Wbem;C:\\Windows\\System32\\WindowsPowerShell\\v1.0\\;E:\\phpstudy\\php\\php-5.4.45;E:\\phpstudy\\php\\php-5.4.45\\ext;'
    'SystemRoot' => 'C:\\Windows'
    'COMSPEC' => 'C:\\Windows\\system32\\cmd.exe'
    'PATHEXT' => '.COM;.EXE;.BAT;.CMD;.VBS;.VBE;.JS;.JSE;.WSF;.WSH;.MSC'
    'WINDIR' => 'C:\\Windows'
    'SERVER_SIGNATURE' => ''
    'SERVER_SOFTWARE' => 'Apache/2.4.23 (Win32) OpenSSL/1.0.2j PHP/5.4.45'
    'SERVER_NAME' => 'admin.demo.com'
    'SERVER_ADDR' => '127.0.0.1'
    'SERVER_PORT' => '80'
    'REMOTE_ADDR' => '127.0.0.1'
    'DOCUMENT_ROOT' => 'E:/phpstudy/WWW/Yii2/backend/web'
    'REQUEST_SCHEME' => 'http'
    'CONTEXT_PREFIX' => ''
    'CONTEXT_DOCUMENT_ROOT' => 'E:/phpstudy/WWW/Yii2/backend/web'
    'SERVER_ADMIN' => 'admin@phpStudy.net'
    'SCRIPT_FILENAME' => 'E:/phpstudy/WWW/Yii2/backend/web/index.php'
    'REMOTE_PORT' => '55936'
    'GATEWAY_INTERFACE' => 'CGI/1.1'
    'SERVER_PROTOCOL' => 'HTTP/1.1'
    'REQUEST_METHOD' => 'GET'
    'QUERY_STRING' => ''
    'REQUEST_URI' => '/'
    'SCRIPT_NAME' => '/index.php'
    'PHP_SELF' => '/index.php'
    'REQUEST_TIME_FLOAT' => 1514383283.321
    'REQUEST_TIME' => 1514383283
]
2017-12-27 14:01:25 [127.0.0.1][-][-][error][yii\base\ErrorException:64] exception 'yii\base\ErrorException' with message 'Can't use method return value in write context' in E:\phpstudy\WWW\Yii2\backend\controllers\CommonController.php:23
Stack trace:
#0 [internal function]: yii\base\ErrorHandler->handleFatalError()
#1 {main}
2017-12-27 14:01:25 [127.0.0.1][-][-][info][application] $_SERVER = [
    'HTTP_HOST' => 'admin.demo.com'
    'HTTP_CONNECTION' => 'keep-alive'
    'HTTP_CACHE_CONTROL' => 'max-age=0'
    'HTTP_UPGRADE_INSECURE_REQUESTS' => '1'
    'HTTP_USER_AGENT' => 'Mozilla/5.0 (Windows NT 10.0; WOW64) AppleWebKit/537.36 (KHTML, like Gecko) Chrome/60.0.3112.90 Safari/537.36'
    'HTTP_ACCEPT' => 'text/html,application/xhtml+xml,application/xml;q=0.9,image/webp,image/apng,*/*;q=0.8'
    'HTTP_ACCEPT_ENCODING' => 'gzip, deflate'
    'HTTP_ACCEPT_LANGUAGE' => 'zh-CN,zh;q=0.8'
    'PATH' => 'C:\\Windows\\system32;C:\\Windows;C:\\Windows\\System32\\Wbem;C:\\Windows\\System32\\WindowsPowerShell\\v1.0\\;E:\\phpstudy\\php\\php-5.4.45;E:\\phpstudy\\php\\php-5.4.45\\ext;'
    'SystemRoot' => 'C:\\Windows'
    'COMSPEC' => 'C:\\Windows\\system32\\cmd.exe'
    'PATHEXT' => '.COM;.EXE;.BAT;.CMD;.VBS;.VBE;.JS;.JSE;.WSF;.WSH;.MSC'
    'WINDIR' => 'C:\\Windows'
    'SERVER_SIGNATURE' => ''
    'SERVER_SOFTWARE' => 'Apache/2.4.23 (Win32) OpenSSL/1.0.2j PHP/5.4.45'
    'SERVER_NAME' => 'admin.demo.com'
    'SERVER_ADDR' => '127.0.0.1'
    'SERVER_PORT' => '80'
    'REMOTE_ADDR' => '127.0.0.1'
    'DOCUMENT_ROOT' => 'E:/phpstudy/WWW/Yii2/backend/web'
    'REQUEST_SCHEME' => 'http'
    'CONTEXT_PREFIX' => ''
    'CONTEXT_DOCUMENT_ROOT' => 'E:/phpstudy/WWW/Yii2/backend/web'
    'SERVER_ADMIN' => 'admin@phpStudy.net'
    'SCRIPT_FILENAME' => 'E:/phpstudy/WWW/Yii2/backend/web/index.php'
    'REMOTE_PORT' => '55937'
    'GATEWAY_INTERFACE' => 'CGI/1.1'
    'SERVER_PROTOCOL' => 'HTTP/1.1'
    'REQUEST_METHOD' => 'GET'
    'QUERY_STRING' => ''
    'REQUEST_URI' => '/'
    'SCRIPT_NAME' => '/index.php'
    'PHP_SELF' => '/index.php'
    'REQUEST_TIME_FLOAT' => 1514383285.089
    'REQUEST_TIME' => 1514383285
]
2017-12-27 14:01:26 [127.0.0.1][-][-][error][yii\base\ErrorException:64] exception 'yii\base\ErrorException' with message 'Can't use method return value in write context' in E:\phpstudy\WWW\Yii2\backend\controllers\CommonController.php:23
Stack trace:
#0 [internal function]: yii\base\ErrorHandler->handleFatalError()
#1 {main}
2017-12-27 14:01:26 [127.0.0.1][-][-][info][application] $_SERVER = [
    'HTTP_HOST' => 'admin.demo.com'
    'HTTP_CONNECTION' => 'keep-alive'
    'HTTP_CACHE_CONTROL' => 'max-age=0'
    'HTTP_UPGRADE_INSECURE_REQUESTS' => '1'
    'HTTP_USER_AGENT' => 'Mozilla/5.0 (Windows NT 10.0; WOW64) AppleWebKit/537.36 (KHTML, like Gecko) Chrome/60.0.3112.90 Safari/537.36'
    'HTTP_ACCEPT' => 'text/html,application/xhtml+xml,application/xml;q=0.9,image/webp,image/apng,*/*;q=0.8'
    'HTTP_ACCEPT_ENCODING' => 'gzip, deflate'
    'HTTP_ACCEPT_LANGUAGE' => 'zh-CN,zh;q=0.8'
    'PATH' => 'C:\\Windows\\system32;C:\\Windows;C:\\Windows\\System32\\Wbem;C:\\Windows\\System32\\WindowsPowerShell\\v1.0\\;E:\\phpstudy\\php\\php-5.4.45;E:\\phpstudy\\php\\php-5.4.45\\ext;'
    'SystemRoot' => 'C:\\Windows'
    'COMSPEC' => 'C:\\Windows\\system32\\cmd.exe'
    'PATHEXT' => '.COM;.EXE;.BAT;.CMD;.VBS;.VBE;.JS;.JSE;.WSF;.WSH;.MSC'
    'WINDIR' => 'C:\\Windows'
    'SERVER_SIGNATURE' => ''
    'SERVER_SOFTWARE' => 'Apache/2.4.23 (Win32) OpenSSL/1.0.2j PHP/5.4.45'
    'SERVER_NAME' => 'admin.demo.com'
    'SERVER_ADDR' => '127.0.0.1'
    'SERVER_PORT' => '80'
    'REMOTE_ADDR' => '127.0.0.1'
    'DOCUMENT_ROOT' => 'E:/phpstudy/WWW/Yii2/backend/web'
    'REQUEST_SCHEME' => 'http'
    'CONTEXT_PREFIX' => ''
    'CONTEXT_DOCUMENT_ROOT' => 'E:/phpstudy/WWW/Yii2/backend/web'
    'SERVER_ADMIN' => 'admin@phpStudy.net'
    'SCRIPT_FILENAME' => 'E:/phpstudy/WWW/Yii2/backend/web/index.php'
    'REMOTE_PORT' => '55938'
    'GATEWAY_INTERFACE' => 'CGI/1.1'
    'SERVER_PROTOCOL' => 'HTTP/1.1'
    'REQUEST_METHOD' => 'GET'
    'QUERY_STRING' => ''
    'REQUEST_URI' => '/'
    'SCRIPT_NAME' => '/index.php'
    'PHP_SELF' => '/index.php'
    'REQUEST_TIME_FLOAT' => 1514383286.457
    'REQUEST_TIME' => 1514383286
]
2017-12-27 14:02:24 [127.0.0.1][-][-][error][yii\base\ErrorException:64] exception 'yii\base\ErrorException' with message 'Can't use method return value in write context' in E:\phpstudy\WWW\Yii2\backend\controllers\SiteController.php:19
Stack trace:
#0 [internal function]: yii\base\ErrorHandler->handleFatalError()
#1 {main}
2017-12-27 14:02:24 [127.0.0.1][-][-][info][application] $_SERVER = [
    'HTTP_HOST' => 'admin.demo.com'
    'HTTP_CONNECTION' => 'keep-alive'
    'HTTP_PRAGMA' => 'no-cache'
    'HTTP_CACHE_CONTROL' => 'no-cache'
    'HTTP_UPGRADE_INSECURE_REQUESTS' => '1'
    'HTTP_USER_AGENT' => 'Mozilla/5.0 (Windows NT 10.0; WOW64) AppleWebKit/537.36 (KHTML, like Gecko) Chrome/60.0.3112.90 Safari/537.36'
    'HTTP_ACCEPT' => 'text/html,application/xhtml+xml,application/xml;q=0.9,image/webp,image/apng,*/*;q=0.8'
    'HTTP_ACCEPT_ENCODING' => 'gzip, deflate'
    'HTTP_ACCEPT_LANGUAGE' => 'zh-CN,zh;q=0.8'
    'PATH' => 'C:\\Windows\\system32;C:\\Windows;C:\\Windows\\System32\\Wbem;C:\\Windows\\System32\\WindowsPowerShell\\v1.0\\;E:\\phpstudy\\php\\php-5.4.45;E:\\phpstudy\\php\\php-5.4.45\\ext;'
    'SystemRoot' => 'C:\\Windows'
    'COMSPEC' => 'C:\\Windows\\system32\\cmd.exe'
    'PATHEXT' => '.COM;.EXE;.BAT;.CMD;.VBS;.VBE;.JS;.JSE;.WSF;.WSH;.MSC'
    'WINDIR' => 'C:\\Windows'
    'SERVER_SIGNATURE' => ''
    'SERVER_SOFTWARE' => 'Apache/2.4.23 (Win32) OpenSSL/1.0.2j PHP/5.4.45'
    'SERVER_NAME' => 'admin.demo.com'
    'SERVER_ADDR' => '127.0.0.1'
    'SERVER_PORT' => '80'
    'REMOTE_ADDR' => '127.0.0.1'
    'DOCUMENT_ROOT' => 'E:/phpstudy/WWW/Yii2/backend/web'
    'REQUEST_SCHEME' => 'http'
    'CONTEXT_PREFIX' => ''
    'CONTEXT_DOCUMENT_ROOT' => 'E:/phpstudy/WWW/Yii2/backend/web'
    'SERVER_ADMIN' => 'admin@phpStudy.net'
    'SCRIPT_FILENAME' => 'E:/phpstudy/WWW/Yii2/backend/web/index.php'
    'REMOTE_PORT' => '55941'
    'GATEWAY_INTERFACE' => 'CGI/1.1'
    'SERVER_PROTOCOL' => 'HTTP/1.1'
    'REQUEST_METHOD' => 'GET'
    'QUERY_STRING' => ''
    'REQUEST_URI' => '/'
    'SCRIPT_NAME' => '/index.php'
    'PHP_SELF' => '/index.php'
    'REQUEST_TIME_FLOAT' => 1514383344.544
    'REQUEST_TIME' => 1514383344
]
2017-12-27 14:02:25 [127.0.0.1][-][-][error][yii\base\ErrorException:64] exception 'yii\base\ErrorException' with message 'Can't use method return value in write context' in E:\phpstudy\WWW\Yii2\backend\controllers\SiteController.php:19
Stack trace:
#0 [internal function]: yii\base\ErrorHandler->handleFatalError()
#1 {main}
2017-12-27 14:02:25 [127.0.0.1][-][-][info][application] $_SERVER = [
    'HTTP_HOST' => 'admin.demo.com'
    'HTTP_CONNECTION' => 'keep-alive'
    'HTTP_PRAGMA' => 'no-cache'
    'HTTP_CACHE_CONTROL' => 'no-cache'
    'HTTP_UPGRADE_INSECURE_REQUESTS' => '1'
    'HTTP_USER_AGENT' => 'Mozilla/5.0 (Windows NT 10.0; WOW64) AppleWebKit/537.36 (KHTML, like Gecko) Chrome/60.0.3112.90 Safari/537.36'
    'HTTP_ACCEPT' => 'text/html,application/xhtml+xml,application/xml;q=0.9,image/webp,image/apng,*/*;q=0.8'
    'HTTP_ACCEPT_ENCODING' => 'gzip, deflate'
    'HTTP_ACCEPT_LANGUAGE' => 'zh-CN,zh;q=0.8'
    'PATH' => 'C:\\Windows\\system32;C:\\Windows;C:\\Windows\\System32\\Wbem;C:\\Windows\\System32\\WindowsPowerShell\\v1.0\\;E:\\phpstudy\\php\\php-5.4.45;E:\\phpstudy\\php\\php-5.4.45\\ext;'
    'SystemRoot' => 'C:\\Windows'
    'COMSPEC' => 'C:\\Windows\\system32\\cmd.exe'
    'PATHEXT' => '.COM;.EXE;.BAT;.CMD;.VBS;.VBE;.JS;.JSE;.WSF;.WSH;.MSC'
    'WINDIR' => 'C:\\Windows'
    'SERVER_SIGNATURE' => ''
    'SERVER_SOFTWARE' => 'Apache/2.4.23 (Win32) OpenSSL/1.0.2j PHP/5.4.45'
    'SERVER_NAME' => 'admin.demo.com'
    'SERVER_ADDR' => '127.0.0.1'
    'SERVER_PORT' => '80'
    'REMOTE_ADDR' => '127.0.0.1'
    'DOCUMENT_ROOT' => 'E:/phpstudy/WWW/Yii2/backend/web'
    'REQUEST_SCHEME' => 'http'
    'CONTEXT_PREFIX' => ''
    'CONTEXT_DOCUMENT_ROOT' => 'E:/phpstudy/WWW/Yii2/backend/web'
    'SERVER_ADMIN' => 'admin@phpStudy.net'
    'SCRIPT_FILENAME' => 'E:/phpstudy/WWW/Yii2/backend/web/index.php'
    'REMOTE_PORT' => '55942'
    'GATEWAY_INTERFACE' => 'CGI/1.1'
    'SERVER_PROTOCOL' => 'HTTP/1.1'
    'REQUEST_METHOD' => 'GET'
    'QUERY_STRING' => ''
    'REQUEST_URI' => '/'
    'SCRIPT_NAME' => '/index.php'
    'PHP_SELF' => '/index.php'
    'REQUEST_TIME_FLOAT' => 1514383345.271
    'REQUEST_TIME' => 1514383345
]
2017-12-27 14:02:25 [127.0.0.1][-][-][error][yii\base\ErrorException:64] exception 'yii\base\ErrorException' with message 'Can't use method return value in write context' in E:\phpstudy\WWW\Yii2\backend\controllers\SiteController.php:19
Stack trace:
#0 [internal function]: yii\base\ErrorHandler->handleFatalError()
#1 {main}
2017-12-27 14:02:25 [127.0.0.1][-][-][info][application] $_SERVER = [
    'HTTP_HOST' => 'admin.demo.com'
    'HTTP_CONNECTION' => 'keep-alive'
    'HTTP_PRAGMA' => 'no-cache'
    'HTTP_CACHE_CONTROL' => 'no-cache'
    'HTTP_UPGRADE_INSECURE_REQUESTS' => '1'
    'HTTP_USER_AGENT' => 'Mozilla/5.0 (Windows NT 10.0; WOW64) AppleWebKit/537.36 (KHTML, like Gecko) Chrome/60.0.3112.90 Safari/537.36'
    'HTTP_ACCEPT' => 'text/html,application/xhtml+xml,application/xml;q=0.9,image/webp,image/apng,*/*;q=0.8'
    'HTTP_ACCEPT_ENCODING' => 'gzip, deflate'
    'HTTP_ACCEPT_LANGUAGE' => 'zh-CN,zh;q=0.8'
    'PATH' => 'C:\\Windows\\system32;C:\\Windows;C:\\Windows\\System32\\Wbem;C:\\Windows\\System32\\WindowsPowerShell\\v1.0\\;E:\\phpstudy\\php\\php-5.4.45;E:\\phpstudy\\php\\php-5.4.45\\ext;'
    'SystemRoot' => 'C:\\Windows'
    'COMSPEC' => 'C:\\Windows\\system32\\cmd.exe'
    'PATHEXT' => '.COM;.EXE;.BAT;.CMD;.VBS;.VBE;.JS;.JSE;.WSF;.WSH;.MSC'
    'WINDIR' => 'C:\\Windows'
    'SERVER_SIGNATURE' => ''
    'SERVER_SOFTWARE' => 'Apache/2.4.23 (Win32) OpenSSL/1.0.2j PHP/5.4.45'
    'SERVER_NAME' => 'admin.demo.com'
    'SERVER_ADDR' => '127.0.0.1'
    'SERVER_PORT' => '80'
    'REMOTE_ADDR' => '127.0.0.1'
    'DOCUMENT_ROOT' => 'E:/phpstudy/WWW/Yii2/backend/web'
    'REQUEST_SCHEME' => 'http'
    'CONTEXT_PREFIX' => ''
    'CONTEXT_DOCUMENT_ROOT' => 'E:/phpstudy/WWW/Yii2/backend/web'
    'SERVER_ADMIN' => 'admin@phpStudy.net'
    'SCRIPT_FILENAME' => 'E:/phpstudy/WWW/Yii2/backend/web/index.php'
    'REMOTE_PORT' => '55943'
    'GATEWAY_INTERFACE' => 'CGI/1.1'
    'SERVER_PROTOCOL' => 'HTTP/1.1'
    'REQUEST_METHOD' => 'GET'
    'QUERY_STRING' => ''
    'REQUEST_URI' => '/'
    'SCRIPT_NAME' => '/index.php'
    'PHP_SELF' => '/index.php'
    'REQUEST_TIME_FLOAT' => 1514383345.523
    'REQUEST_TIME' => 1514383345
]
2017-12-27 14:02:25 [127.0.0.1][-][-][error][yii\base\ErrorException:64] exception 'yii\base\ErrorException' with message 'Can't use method return value in write context' in E:\phpstudy\WWW\Yii2\backend\controllers\SiteController.php:19
Stack trace:
#0 [internal function]: yii\base\ErrorHandler->handleFatalError()
#1 {main}
2017-12-27 14:02:25 [127.0.0.1][-][-][info][application] $_SERVER = [
    'HTTP_HOST' => 'admin.demo.com'
    'HTTP_CONNECTION' => 'keep-alive'
    'HTTP_PRAGMA' => 'no-cache'
    'HTTP_CACHE_CONTROL' => 'no-cache'
    'HTTP_UPGRADE_INSECURE_REQUESTS' => '1'
    'HTTP_USER_AGENT' => 'Mozilla/5.0 (Windows NT 10.0; WOW64) AppleWebKit/537.36 (KHTML, like Gecko) Chrome/60.0.3112.90 Safari/537.36'
    'HTTP_ACCEPT' => 'text/html,application/xhtml+xml,application/xml;q=0.9,image/webp,image/apng,*/*;q=0.8'
    'HTTP_ACCEPT_ENCODING' => 'gzip, deflate'
    'HTTP_ACCEPT_LANGUAGE' => 'zh-CN,zh;q=0.8'
    'PATH' => 'C:\\Windows\\system32;C:\\Windows;C:\\Windows\\System32\\Wbem;C:\\Windows\\System32\\WindowsPowerShell\\v1.0\\;E:\\phpstudy\\php\\php-5.4.45;E:\\phpstudy\\php\\php-5.4.45\\ext;'
    'SystemRoot' => 'C:\\Windows'
    'COMSPEC' => 'C:\\Windows\\system32\\cmd.exe'
    'PATHEXT' => '.COM;.EXE;.BAT;.CMD;.VBS;.VBE;.JS;.JSE;.WSF;.WSH;.MSC'
    'WINDIR' => 'C:\\Windows'
    'SERVER_SIGNATURE' => ''
    'SERVER_SOFTWARE' => 'Apache/2.4.23 (Win32) OpenSSL/1.0.2j PHP/5.4.45'
    'SERVER_NAME' => 'admin.demo.com'
    'SERVER_ADDR' => '127.0.0.1'
    'SERVER_PORT' => '80'
    'REMOTE_ADDR' => '127.0.0.1'
    'DOCUMENT_ROOT' => 'E:/phpstudy/WWW/Yii2/backend/web'
    'REQUEST_SCHEME' => 'http'
    'CONTEXT_PREFIX' => ''
    'CONTEXT_DOCUMENT_ROOT' => 'E:/phpstudy/WWW/Yii2/backend/web'
    'SERVER_ADMIN' => 'admin@phpStudy.net'
    'SCRIPT_FILENAME' => 'E:/phpstudy/WWW/Yii2/backend/web/index.php'
    'REMOTE_PORT' => '55944'
    'GATEWAY_INTERFACE' => 'CGI/1.1'
    'SERVER_PROTOCOL' => 'HTTP/1.1'
    'REQUEST_METHOD' => 'GET'
    'QUERY_STRING' => ''
    'REQUEST_URI' => '/'
    'SCRIPT_NAME' => '/index.php'
    'PHP_SELF' => '/index.php'
    'REQUEST_TIME_FLOAT' => 1514383345.71
    'REQUEST_TIME' => 1514383345
]
2017-12-27 14:02:25 [127.0.0.1][-][-][error][yii\base\ErrorException:64] exception 'yii\base\ErrorException' with message 'Can't use method return value in write context' in E:\phpstudy\WWW\Yii2\backend\controllers\SiteController.php:19
Stack trace:
#0 [internal function]: yii\base\ErrorHandler->handleFatalError()
#1 {main}
2017-12-27 14:02:25 [127.0.0.1][-][-][info][application] $_SERVER = [
    'HTTP_HOST' => 'admin.demo.com'
    'HTTP_CONNECTION' => 'keep-alive'
    'HTTP_PRAGMA' => 'no-cache'
    'HTTP_CACHE_CONTROL' => 'no-cache'
    'HTTP_UPGRADE_INSECURE_REQUESTS' => '1'
    'HTTP_USER_AGENT' => 'Mozilla/5.0 (Windows NT 10.0; WOW64) AppleWebKit/537.36 (KHTML, like Gecko) Chrome/60.0.3112.90 Safari/537.36'
    'HTTP_ACCEPT' => 'text/html,application/xhtml+xml,application/xml;q=0.9,image/webp,image/apng,*/*;q=0.8'
    'HTTP_ACCEPT_ENCODING' => 'gzip, deflate'
    'HTTP_ACCEPT_LANGUAGE' => 'zh-CN,zh;q=0.8'
    'PATH' => 'C:\\Windows\\system32;C:\\Windows;C:\\Windows\\System32\\Wbem;C:\\Windows\\System32\\WindowsPowerShell\\v1.0\\;E:\\phpstudy\\php\\php-5.4.45;E:\\phpstudy\\php\\php-5.4.45\\ext;'
    'SystemRoot' => 'C:\\Windows'
    'COMSPEC' => 'C:\\Windows\\system32\\cmd.exe'
    'PATHEXT' => '.COM;.EXE;.BAT;.CMD;.VBS;.VBE;.JS;.JSE;.WSF;.WSH;.MSC'
    'WINDIR' => 'C:\\Windows'
    'SERVER_SIGNATURE' => ''
    'SERVER_SOFTWARE' => 'Apache/2.4.23 (Win32) OpenSSL/1.0.2j PHP/5.4.45'
    'SERVER_NAME' => 'admin.demo.com'
    'SERVER_ADDR' => '127.0.0.1'
    'SERVER_PORT' => '80'
    'REMOTE_ADDR' => '127.0.0.1'
    'DOCUMENT_ROOT' => 'E:/phpstudy/WWW/Yii2/backend/web'
    'REQUEST_SCHEME' => 'http'
    'CONTEXT_PREFIX' => ''
    'CONTEXT_DOCUMENT_ROOT' => 'E:/phpstudy/WWW/Yii2/backend/web'
    'SERVER_ADMIN' => 'admin@phpStudy.net'
    'SCRIPT_FILENAME' => 'E:/phpstudy/WWW/Yii2/backend/web/index.php'
    'REMOTE_PORT' => '55945'
    'GATEWAY_INTERFACE' => 'CGI/1.1'
    'SERVER_PROTOCOL' => 'HTTP/1.1'
    'REQUEST_METHOD' => 'GET'
    'QUERY_STRING' => ''
    'REQUEST_URI' => '/'
    'SCRIPT_NAME' => '/index.php'
    'PHP_SELF' => '/index.php'
    'REQUEST_TIME_FLOAT' => 1514383345.899
    'REQUEST_TIME' => 1514383345
]
2017-12-27 14:02:26 [127.0.0.1][-][-][error][yii\base\ErrorException:64] exception 'yii\base\ErrorException' with message 'Can't use method return value in write context' in E:\phpstudy\WWW\Yii2\backend\controllers\SiteController.php:19
Stack trace:
#0 [internal function]: yii\base\ErrorHandler->handleFatalError()
#1 {main}
2017-12-27 14:02:26 [127.0.0.1][-][-][info][application] $_SERVER = [
    'HTTP_HOST' => 'admin.demo.com'
    'HTTP_CONNECTION' => 'keep-alive'
    'HTTP_PRAGMA' => 'no-cache'
    'HTTP_CACHE_CONTROL' => 'no-cache'
    'HTTP_UPGRADE_INSECURE_REQUESTS' => '1'
    'HTTP_USER_AGENT' => 'Mozilla/5.0 (Windows NT 10.0; WOW64) AppleWebKit/537.36 (KHTML, like Gecko) Chrome/60.0.3112.90 Safari/537.36'
    'HTTP_ACCEPT' => 'text/html,application/xhtml+xml,application/xml;q=0.9,image/webp,image/apng,*/*;q=0.8'
    'HTTP_ACCEPT_ENCODING' => 'gzip, deflate'
    'HTTP_ACCEPT_LANGUAGE' => 'zh-CN,zh;q=0.8'
    'PATH' => 'C:\\Windows\\system32;C:\\Windows;C:\\Windows\\System32\\Wbem;C:\\Windows\\System32\\WindowsPowerShell\\v1.0\\;E:\\phpstudy\\php\\php-5.4.45;E:\\phpstudy\\php\\php-5.4.45\\ext;'
    'SystemRoot' => 'C:\\Windows'
    'COMSPEC' => 'C:\\Windows\\system32\\cmd.exe'
    'PATHEXT' => '.COM;.EXE;.BAT;.CMD;.VBS;.VBE;.JS;.JSE;.WSF;.WSH;.MSC'
    'WINDIR' => 'C:\\Windows'
    'SERVER_SIGNATURE' => ''
    'SERVER_SOFTWARE' => 'Apache/2.4.23 (Win32) OpenSSL/1.0.2j PHP/5.4.45'
    'SERVER_NAME' => 'admin.demo.com'
    'SERVER_ADDR' => '127.0.0.1'
    'SERVER_PORT' => '80'
    'REMOTE_ADDR' => '127.0.0.1'
    'DOCUMENT_ROOT' => 'E:/phpstudy/WWW/Yii2/backend/web'
    'REQUEST_SCHEME' => 'http'
    'CONTEXT_PREFIX' => ''
    'CONTEXT_DOCUMENT_ROOT' => 'E:/phpstudy/WWW/Yii2/backend/web'
    'SERVER_ADMIN' => 'admin@phpStudy.net'
    'SCRIPT_FILENAME' => 'E:/phpstudy/WWW/Yii2/backend/web/index.php'
    'REMOTE_PORT' => '55946'
    'GATEWAY_INTERFACE' => 'CGI/1.1'
    'SERVER_PROTOCOL' => 'HTTP/1.1'
    'REQUEST_METHOD' => 'GET'
    'QUERY_STRING' => ''
    'REQUEST_URI' => '/'
    'SCRIPT_NAME' => '/index.php'
    'PHP_SELF' => '/index.php'
    'REQUEST_TIME_FLOAT' => 1514383346.086
    'REQUEST_TIME' => 1514383346
]
2017-12-27 14:02:26 [127.0.0.1][-][-][error][yii\base\ErrorException:64] exception 'yii\base\ErrorException' with message 'Can't use method return value in write context' in E:\phpstudy\WWW\Yii2\backend\controllers\SiteController.php:19
Stack trace:
#0 [internal function]: yii\base\ErrorHandler->handleFatalError()
#1 {main}
2017-12-27 14:02:26 [127.0.0.1][-][-][info][application] $_SERVER = [
    'HTTP_HOST' => 'admin.demo.com'
    'HTTP_CONNECTION' => 'keep-alive'
    'HTTP_PRAGMA' => 'no-cache'
    'HTTP_CACHE_CONTROL' => 'no-cache'
    'HTTP_UPGRADE_INSECURE_REQUESTS' => '1'
    'HTTP_USER_AGENT' => 'Mozilla/5.0 (Windows NT 10.0; WOW64) AppleWebKit/537.36 (KHTML, like Gecko) Chrome/60.0.3112.90 Safari/537.36'
    'HTTP_ACCEPT' => 'text/html,application/xhtml+xml,application/xml;q=0.9,image/webp,image/apng,*/*;q=0.8'
    'HTTP_ACCEPT_ENCODING' => 'gzip, deflate'
    'HTTP_ACCEPT_LANGUAGE' => 'zh-CN,zh;q=0.8'
    'PATH' => 'C:\\Windows\\system32;C:\\Windows;C:\\Windows\\System32\\Wbem;C:\\Windows\\System32\\WindowsPowerShell\\v1.0\\;E:\\phpstudy\\php\\php-5.4.45;E:\\phpstudy\\php\\php-5.4.45\\ext;'
    'SystemRoot' => 'C:\\Windows'
    'COMSPEC' => 'C:\\Windows\\system32\\cmd.exe'
    'PATHEXT' => '.COM;.EXE;.BAT;.CMD;.VBS;.VBE;.JS;.JSE;.WSF;.WSH;.MSC'
    'WINDIR' => 'C:\\Windows'
    'SERVER_SIGNATURE' => ''
    'SERVER_SOFTWARE' => 'Apache/2.4.23 (Win32) OpenSSL/1.0.2j PHP/5.4.45'
    'SERVER_NAME' => 'admin.demo.com'
    'SERVER_ADDR' => '127.0.0.1'
    'SERVER_PORT' => '80'
    'REMOTE_ADDR' => '127.0.0.1'
    'DOCUMENT_ROOT' => 'E:/phpstudy/WWW/Yii2/backend/web'
    'REQUEST_SCHEME' => 'http'
    'CONTEXT_PREFIX' => ''
    'CONTEXT_DOCUMENT_ROOT' => 'E:/phpstudy/WWW/Yii2/backend/web'
    'SERVER_ADMIN' => 'admin@phpStudy.net'
    'SCRIPT_FILENAME' => 'E:/phpstudy/WWW/Yii2/backend/web/index.php'
    'REMOTE_PORT' => '55947'
    'GATEWAY_INTERFACE' => 'CGI/1.1'
    'SERVER_PROTOCOL' => 'HTTP/1.1'
    'REQUEST_METHOD' => 'GET'
    'QUERY_STRING' => ''
    'REQUEST_URI' => '/'
    'SCRIPT_NAME' => '/index.php'
    'PHP_SELF' => '/index.php'
    'REQUEST_TIME_FLOAT' => 1514383346.266
    'REQUEST_TIME' => 1514383346
]
2017-12-27 14:02:26 [127.0.0.1][-][-][error][yii\base\ErrorException:64] exception 'yii\base\ErrorException' with message 'Can't use method return value in write context' in E:\phpstudy\WWW\Yii2\backend\controllers\SiteController.php:19
Stack trace:
#0 [internal function]: yii\base\ErrorHandler->handleFatalError()
#1 {main}
2017-12-27 14:02:26 [127.0.0.1][-][-][info][application] $_SERVER = [
    'HTTP_HOST' => 'admin.demo.com'
    'HTTP_CONNECTION' => 'keep-alive'
    'HTTP_PRAGMA' => 'no-cache'
    'HTTP_CACHE_CONTROL' => 'no-cache'
    'HTTP_UPGRADE_INSECURE_REQUESTS' => '1'
    'HTTP_USER_AGENT' => 'Mozilla/5.0 (Windows NT 10.0; WOW64) AppleWebKit/537.36 (KHTML, like Gecko) Chrome/60.0.3112.90 Safari/537.36'
    'HTTP_ACCEPT' => 'text/html,application/xhtml+xml,application/xml;q=0.9,image/webp,image/apng,*/*;q=0.8'
    'HTTP_ACCEPT_ENCODING' => 'gzip, deflate'
    'HTTP_ACCEPT_LANGUAGE' => 'zh-CN,zh;q=0.8'
    'PATH' => 'C:\\Windows\\system32;C:\\Windows;C:\\Windows\\System32\\Wbem;C:\\Windows\\System32\\WindowsPowerShell\\v1.0\\;E:\\phpstudy\\php\\php-5.4.45;E:\\phpstudy\\php\\php-5.4.45\\ext;'
    'SystemRoot' => 'C:\\Windows'
    'COMSPEC' => 'C:\\Windows\\system32\\cmd.exe'
    'PATHEXT' => '.COM;.EXE;.BAT;.CMD;.VBS;.VBE;.JS;.JSE;.WSF;.WSH;.MSC'
    'WINDIR' => 'C:\\Windows'
    'SERVER_SIGNATURE' => ''
    'SERVER_SOFTWARE' => 'Apache/2.4.23 (Win32) OpenSSL/1.0.2j PHP/5.4.45'
    'SERVER_NAME' => 'admin.demo.com'
    'SERVER_ADDR' => '127.0.0.1'
    'SERVER_PORT' => '80'
    'REMOTE_ADDR' => '127.0.0.1'
    'DOCUMENT_ROOT' => 'E:/phpstudy/WWW/Yii2/backend/web'
    'REQUEST_SCHEME' => 'http'
    'CONTEXT_PREFIX' => ''
    'CONTEXT_DOCUMENT_ROOT' => 'E:/phpstudy/WWW/Yii2/backend/web'
    'SERVER_ADMIN' => 'admin@phpStudy.net'
    'SCRIPT_FILENAME' => 'E:/phpstudy/WWW/Yii2/backend/web/index.php'
    'REMOTE_PORT' => '55948'
    'GATEWAY_INTERFACE' => 'CGI/1.1'
    'SERVER_PROTOCOL' => 'HTTP/1.1'
    'REQUEST_METHOD' => 'GET'
    'QUERY_STRING' => ''
    'REQUEST_URI' => '/'
    'SCRIPT_NAME' => '/index.php'
    'PHP_SELF' => '/index.php'
    'REQUEST_TIME_FLOAT' => 1514383346.474
    'REQUEST_TIME' => 1514383346
]
2017-12-27 14:02:26 [127.0.0.1][-][-][error][yii\base\ErrorException:64] exception 'yii\base\ErrorException' with message 'Can't use method return value in write context' in E:\phpstudy\WWW\Yii2\backend\controllers\SiteController.php:19
Stack trace:
#0 [internal function]: yii\base\ErrorHandler->handleFatalError()
#1 {main}
2017-12-27 14:02:26 [127.0.0.1][-][-][info][application] $_SERVER = [
    'HTTP_HOST' => 'admin.demo.com'
    'HTTP_CONNECTION' => 'keep-alive'
    'HTTP_PRAGMA' => 'no-cache'
    'HTTP_CACHE_CONTROL' => 'no-cache'
    'HTTP_UPGRADE_INSECURE_REQUESTS' => '1'
    'HTTP_USER_AGENT' => 'Mozilla/5.0 (Windows NT 10.0; WOW64) AppleWebKit/537.36 (KHTML, like Gecko) Chrome/60.0.3112.90 Safari/537.36'
    'HTTP_ACCEPT' => 'text/html,application/xhtml+xml,application/xml;q=0.9,image/webp,image/apng,*/*;q=0.8'
    'HTTP_ACCEPT_ENCODING' => 'gzip, deflate'
    'HTTP_ACCEPT_LANGUAGE' => 'zh-CN,zh;q=0.8'
    'PATH' => 'C:\\Windows\\system32;C:\\Windows;C:\\Windows\\System32\\Wbem;C:\\Windows\\System32\\WindowsPowerShell\\v1.0\\;E:\\phpstudy\\php\\php-5.4.45;E:\\phpstudy\\php\\php-5.4.45\\ext;'
    'SystemRoot' => 'C:\\Windows'
    'COMSPEC' => 'C:\\Windows\\system32\\cmd.exe'
    'PATHEXT' => '.COM;.EXE;.BAT;.CMD;.VBS;.VBE;.JS;.JSE;.WSF;.WSH;.MSC'
    'WINDIR' => 'C:\\Windows'
    'SERVER_SIGNATURE' => ''
    'SERVER_SOFTWARE' => 'Apache/2.4.23 (Win32) OpenSSL/1.0.2j PHP/5.4.45'
    'SERVER_NAME' => 'admin.demo.com'
    'SERVER_ADDR' => '127.0.0.1'
    'SERVER_PORT' => '80'
    'REMOTE_ADDR' => '127.0.0.1'
    'DOCUMENT_ROOT' => 'E:/phpstudy/WWW/Yii2/backend/web'
    'REQUEST_SCHEME' => 'http'
    'CONTEXT_PREFIX' => ''
    'CONTEXT_DOCUMENT_ROOT' => 'E:/phpstudy/WWW/Yii2/backend/web'
    'SERVER_ADMIN' => 'admin@phpStudy.net'
    'SCRIPT_FILENAME' => 'E:/phpstudy/WWW/Yii2/backend/web/index.php'
    'REMOTE_PORT' => '55949'
    'GATEWAY_INTERFACE' => 'CGI/1.1'
    'SERVER_PROTOCOL' => 'HTTP/1.1'
    'REQUEST_METHOD' => 'GET'
    'QUERY_STRING' => ''
    'REQUEST_URI' => '/'
    'SCRIPT_NAME' => '/index.php'
    'PHP_SELF' => '/index.php'
    'REQUEST_TIME_FLOAT' => 1514383346.654
    'REQUEST_TIME' => 1514383346
]
2017-12-27 14:02:26 [127.0.0.1][-][-][error][yii\base\ErrorException:64] exception 'yii\base\ErrorException' with message 'Can't use method return value in write context' in E:\phpstudy\WWW\Yii2\backend\controllers\SiteController.php:19
Stack trace:
#0 [internal function]: yii\base\ErrorHandler->handleFatalError()
#1 {main}
2017-12-27 14:02:26 [127.0.0.1][-][-][info][application] $_SERVER = [
    'HTTP_HOST' => 'admin.demo.com'
    'HTTP_CONNECTION' => 'keep-alive'
    'HTTP_PRAGMA' => 'no-cache'
    'HTTP_CACHE_CONTROL' => 'no-cache'
    'HTTP_UPGRADE_INSECURE_REQUESTS' => '1'
    'HTTP_USER_AGENT' => 'Mozilla/5.0 (Windows NT 10.0; WOW64) AppleWebKit/537.36 (KHTML, like Gecko) Chrome/60.0.3112.90 Safari/537.36'
    'HTTP_ACCEPT' => 'text/html,application/xhtml+xml,application/xml;q=0.9,image/webp,image/apng,*/*;q=0.8'
    'HTTP_ACCEPT_ENCODING' => 'gzip, deflate'
    'HTTP_ACCEPT_LANGUAGE' => 'zh-CN,zh;q=0.8'
    'PATH' => 'C:\\Windows\\system32;C:\\Windows;C:\\Windows\\System32\\Wbem;C:\\Windows\\System32\\WindowsPowerShell\\v1.0\\;E:\\phpstudy\\php\\php-5.4.45;E:\\phpstudy\\php\\php-5.4.45\\ext;'
    'SystemRoot' => 'C:\\Windows'
    'COMSPEC' => 'C:\\Windows\\system32\\cmd.exe'
    'PATHEXT' => '.COM;.EXE;.BAT;.CMD;.VBS;.VBE;.JS;.JSE;.WSF;.WSH;.MSC'
    'WINDIR' => 'C:\\Windows'
    'SERVER_SIGNATURE' => ''
    'SERVER_SOFTWARE' => 'Apache/2.4.23 (Win32) OpenSSL/1.0.2j PHP/5.4.45'
    'SERVER_NAME' => 'admin.demo.com'
    'SERVER_ADDR' => '127.0.0.1'
    'SERVER_PORT' => '80'
    'REMOTE_ADDR' => '127.0.0.1'
    'DOCUMENT_ROOT' => 'E:/phpstudy/WWW/Yii2/backend/web'
    'REQUEST_SCHEME' => 'http'
    'CONTEXT_PREFIX' => ''
    'CONTEXT_DOCUMENT_ROOT' => 'E:/phpstudy/WWW/Yii2/backend/web'
    'SERVER_ADMIN' => 'admin@phpStudy.net'
    'SCRIPT_FILENAME' => 'E:/phpstudy/WWW/Yii2/backend/web/index.php'
    'REMOTE_PORT' => '55950'
    'GATEWAY_INTERFACE' => 'CGI/1.1'
    'SERVER_PROTOCOL' => 'HTTP/1.1'
    'REQUEST_METHOD' => 'GET'
    'QUERY_STRING' => ''
    'REQUEST_URI' => '/'
    'SCRIPT_NAME' => '/index.php'
    'PHP_SELF' => '/index.php'
    'REQUEST_TIME_FLOAT' => 1514383346.849
    'REQUEST_TIME' => 1514383346
]
2017-12-27 14:02:27 [127.0.0.1][-][-][error][yii\base\ErrorException:64] exception 'yii\base\ErrorException' with message 'Can't use method return value in write context' in E:\phpstudy\WWW\Yii2\backend\controllers\SiteController.php:19
Stack trace:
#0 [internal function]: yii\base\ErrorHandler->handleFatalError()
#1 {main}
2017-12-27 14:02:27 [127.0.0.1][-][-][info][application] $_SERVER = [
    'HTTP_HOST' => 'admin.demo.com'
    'HTTP_CONNECTION' => 'keep-alive'
    'HTTP_PRAGMA' => 'no-cache'
    'HTTP_CACHE_CONTROL' => 'no-cache'
    'HTTP_UPGRADE_INSECURE_REQUESTS' => '1'
    'HTTP_USER_AGENT' => 'Mozilla/5.0 (Windows NT 10.0; WOW64) AppleWebKit/537.36 (KHTML, like Gecko) Chrome/60.0.3112.90 Safari/537.36'
    'HTTP_ACCEPT' => 'text/html,application/xhtml+xml,application/xml;q=0.9,image/webp,image/apng,*/*;q=0.8'
    'HTTP_ACCEPT_ENCODING' => 'gzip, deflate'
    'HTTP_ACCEPT_LANGUAGE' => 'zh-CN,zh;q=0.8'
    'PATH' => 'C:\\Windows\\system32;C:\\Windows;C:\\Windows\\System32\\Wbem;C:\\Windows\\System32\\WindowsPowerShell\\v1.0\\;E:\\phpstudy\\php\\php-5.4.45;E:\\phpstudy\\php\\php-5.4.45\\ext;'
    'SystemRoot' => 'C:\\Windows'
    'COMSPEC' => 'C:\\Windows\\system32\\cmd.exe'
    'PATHEXT' => '.COM;.EXE;.BAT;.CMD;.VBS;.VBE;.JS;.JSE;.WSF;.WSH;.MSC'
    'WINDIR' => 'C:\\Windows'
    'SERVER_SIGNATURE' => ''
    'SERVER_SOFTWARE' => 'Apache/2.4.23 (Win32) OpenSSL/1.0.2j PHP/5.4.45'
    'SERVER_NAME' => 'admin.demo.com'
    'SERVER_ADDR' => '127.0.0.1'
    'SERVER_PORT' => '80'
    'REMOTE_ADDR' => '127.0.0.1'
    'DOCUMENT_ROOT' => 'E:/phpstudy/WWW/Yii2/backend/web'
    'REQUEST_SCHEME' => 'http'
    'CONTEXT_PREFIX' => ''
    'CONTEXT_DOCUMENT_ROOT' => 'E:/phpstudy/WWW/Yii2/backend/web'
    'SERVER_ADMIN' => 'admin@phpStudy.net'
    'SCRIPT_FILENAME' => 'E:/phpstudy/WWW/Yii2/backend/web/index.php'
    'REMOTE_PORT' => '55951'
    'GATEWAY_INTERFACE' => 'CGI/1.1'
    'SERVER_PROTOCOL' => 'HTTP/1.1'
    'REQUEST_METHOD' => 'GET'
    'QUERY_STRING' => ''
    'REQUEST_URI' => '/'
    'SCRIPT_NAME' => '/index.php'
    'PHP_SELF' => '/index.php'
    'REQUEST_TIME_FLOAT' => 1514383347.028
    'REQUEST_TIME' => 1514383347
]
2017-12-27 14:18:15 [127.0.0.1][1][qp8tu37bs4uhbtrrc759vasu80][error][yii\db\Exception] exception 'PDOException' with message 'SQLSTATE[42S02]: Base table or view not found: 1146 Table 'yii2basic.user_particulars' doesn't exist' in E:\phpstudy\WWW\Yii2\vendor\yiisoft\yii2\db\Command.php:1067
Stack trace:
#0 E:\phpstudy\WWW\Yii2\vendor\yiisoft\yii2\db\Command.php(1067): PDOStatement->execute()
#1 E:\phpstudy\WWW\Yii2\vendor\yiisoft\yii2\db\Command.php(400): yii\db\Command->queryInternal('<span class="st...', '<span class="ke...')
#2 E:\phpstudy\WWW\Yii2\vendor\yiisoft\yii2\db\Query.php(257): yii\db\Command->queryOne()
#3 E:\phpstudy\WWW\Yii2\common\models\UserParticulars.php(75): yii\db\Query->one()
#4 E:\phpstudy\WWW\Yii2\backend\models\CommonForm.php(20): common\models\UserParticulars::findIdentitys('<span class="st...')
#5 E:\phpstudy\WWW\Yii2\backend\controllers\CommonController.php(40): backend\models\CommonForm->getParts('<span class="st...')
#6 E:\phpstudy\WWW\Yii2\backend\controllers\CommonController.php(24): backend\controllers\CommonController->actionusers()
#7 E:\phpstudy\WWW\Yii2\backend\controllers\SiteController.php(17): backend\controllers\CommonController->init()
#8 E:\phpstudy\WWW\Yii2\vendor\yiisoft\yii2\base\BaseObject.php(108): backend\controllers\SiteController->init()
#9 E:\phpstudy\WWW\Yii2\vendor\yiisoft\yii2\base\Controller.php(86): yii\base\BaseObject->__construct('[]')
#10 [internal function]: yii\base\Controller->__construct('<span class="st...', Object(yii\web\Application), '[]')
#11 E:\phpstudy\WWW\Yii2\vendor\yiisoft\yii2\di\Container.php(375): ReflectionClass->newInstanceArgs('[<span class="s...')
#12 E:\phpstudy\WWW\Yii2\vendor\yiisoft\yii2\di\Container.php(156): yii\di\Container->build('<span class="st...', '[<span class="s...', '[]')
#13 E:\phpstudy\WWW\Yii2\vendor\yiisoft\yii2\BaseYii.php(345): yii\di\Container->get('<span class="st...', '[<span class="s...')
#14 E:\phpstudy\WWW\Yii2\vendor\yiisoft\yii2\base\Module.php(644): yii\BaseYii::createObject('<span class="st...', '[<span class="s...')
#15 E:\phpstudy\WWW\Yii2\vendor\yiisoft\yii2\base\Module.php(597): yii\base\Module->createControllerByID('<span class="st...')
#16 E:\phpstudy\WWW\Yii2\vendor\yiisoft\yii2\base\Module.php(523): yii\base\Module->createController('<span class="st...')
#17 E:\phpstudy\WWW\Yii2\vendor\yiisoft\yii2\web\Application.php(103): yii\base\Module->runAction('<span class="st...', '[]')
#18 E:\phpstudy\WWW\Yii2\vendor\yiisoft\yii2\base\Application.php(386): yii\web\Application->handleRequest(Object(yii\web\Request))
#19 E:\phpstudy\WWW\Yii2\backend\web\index.php(17): yii\base\Application->run()
#20 {main}

Next exception 'yii\db\Exception' with message 'SQLSTATE[42S02]: Base table or view not found: 1146 Table 'yii2basic.user_particulars' doesn't exist
The SQL being executed was: SELECT * FROM `user` `u1` LEFT JOIN `user_particulars` `u2` ON u1.id = u2.user_id WHERE u1.status = 10 and u1.id = 1' in E:\phpstudy\WWW\Yii2\vendor\yiisoft\yii2\db\Schema.php:595
Stack trace:
#0 E:\phpstudy\WWW\Yii2\vendor\yiisoft\yii2\db\Command.php(1082): yii\db\Schema->convertException(Object(PDOException), 'SELECT * FROM `...')
#1 E:\phpstudy\WWW\Yii2\vendor\yiisoft\yii2\db\Command.php(400): yii\db\Command->queryInternal('<span class="st...', '<span class="ke...')
#2 E:\phpstudy\WWW\Yii2\vendor\yiisoft\yii2\db\Query.php(257): yii\db\Command->queryOne()
#3 E:\phpstudy\WWW\Yii2\common\models\UserParticulars.php(75): yii\db\Query->one()
#4 E:\phpstudy\WWW\Yii2\backend\models\CommonForm.php(20): common\models\UserParticulars::findIdentitys('<span class="st...')
#5 E:\phpstudy\WWW\Yii2\backend\controllers\CommonController.php(40): backend\models\CommonForm->getParts('<span class="st...')
#6 E:\phpstudy\WWW\Yii2\backend\controllers\CommonController.php(24): backend\controllers\CommonController->actionusers()
#7 E:\phpstudy\WWW\Yii2\backend\controllers\SiteController.php(17): backend\controllers\CommonController->init()
#8 E:\phpstudy\WWW\Yii2\vendor\yiisoft\yii2\base\BaseObject.php(108): backend\controllers\SiteController->init()
#9 E:\phpstudy\WWW\Yii2\vendor\yiisoft\yii2\base\Controller.php(86): yii\base\BaseObject->__construct('[]')
#10 [internal function]: yii\base\Controller->__construct('<span class="st...', Object(yii\web\Application), '[]')
#11 E:\phpstudy\WWW\Yii2\vendor\yiisoft\yii2\di\Container.php(375): ReflectionClass->newInstanceArgs('[<span class="s...')
#12 E:\phpstudy\WWW\Yii2\vendor\yiisoft\yii2\di\Container.php(156): yii\di\Container->build('<span class="st...', '[<span class="s...', '[]')
#13 E:\phpstudy\WWW\Yii2\vendor\yiisoft\yii2\BaseYii.php(345): yii\di\Container->get('<span class="st...', '[<span class="s...')
#14 E:\phpstudy\WWW\Yii2\vendor\yiisoft\yii2\base\Module.php(644): yii\BaseYii::createObject('<span class="st...', '[<span class="s...')
#15 E:\phpstudy\WWW\Yii2\vendor\yiisoft\yii2\base\Module.php(597): yii\base\Module->createControllerByID('<span class="st...')
#16 E:\phpstudy\WWW\Yii2\vendor\yiisoft\yii2\base\Module.php(523): yii\base\Module->createController('<span class="st...')
#17 E:\phpstudy\WWW\Yii2\vendor\yiisoft\yii2\web\Application.php(103): yii\base\Module->runAction('<span class="st...', '[]')
#18 E:\phpstudy\WWW\Yii2\vendor\yiisoft\yii2\base\Application.php(386): yii\web\Application->handleRequest(Object(yii\web\Request))
#19 E:\phpstudy\WWW\Yii2\backend\web\index.php(17): yii\base\Application->run()
#20 {main}
Additional Information:
Array
(
    [0] => 42S02
    [1] => 1146
    [2] => Table 'yii2basic.user_particulars' doesn't exist
)

2017-12-27 14:18:14 [127.0.0.1][1][qp8tu37bs4uhbtrrc759vasu80][info][application] $_COOKIE = [
    '_csrf-backend' => '7e3e487be6fe8a66cded18753b3c38c91cd9e8e6d7b7f899ab4c1b83f378203ca:2:{i:0;s:13:\"_csrf-backend\";i:1;s:32:\"YYDA256BCY2vDFApHSZM2gq7VhmH_34T\";}'
    'advanced-backend' => 'qp8tu37bs4uhbtrrc759vasu80'
]

$_SESSION = [
    '__flash' => []
    '__returnUrl' => '/'
    '__id' => 1
]

$_SERVER = [
    'HTTP_HOST' => 'admin.demo.com'
    'HTTP_CONNECTION' => 'keep-alive'
    'HTTP_CACHE_CONTROL' => 'max-age=0'
    'HTTP_UPGRADE_INSECURE_REQUESTS' => '1'
    'HTTP_USER_AGENT' => 'Mozilla/5.0 (Windows NT 10.0; WOW64) AppleWebKit/537.36 (KHTML, like Gecko) Chrome/60.0.3112.90 Safari/537.36'
    'HTTP_ACCEPT' => 'text/html,application/xhtml+xml,application/xml;q=0.9,image/webp,image/apng,*/*;q=0.8'
    'HTTP_REFERER' => 'http://admin.demo.com/site/login.html'
    'HTTP_ACCEPT_ENCODING' => 'gzip, deflate'
    'HTTP_ACCEPT_LANGUAGE' => 'zh-CN,zh;q=0.8'
    'HTTP_COOKIE' => '_csrf-backend=7e3e487be6fe8a66cded18753b3c38c91cd9e8e6d7b7f899ab4c1b83f378203ca%3A2%3A%7Bi%3A0%3Bs%3A13%3A%22_csrf-backend%22%3Bi%3A1%3Bs%3A32%3A%22YYDA256BCY2vDFApHSZM2gq7VhmH_34T%22%3B%7D; advanced-backend=qp8tu37bs4uhbtrrc759vasu80'
    'PATH' => 'C:\\Windows\\system32;C:\\Windows;C:\\Windows\\System32\\Wbem;C:\\Windows\\System32\\WindowsPowerShell\\v1.0\\;E:\\phpstudy\\php\\php-5.4.45;E:\\phpstudy\\php\\php-5.4.45\\ext;'
    'SystemRoot' => 'C:\\Windows'
    'COMSPEC' => 'C:\\Windows\\system32\\cmd.exe'
    'PATHEXT' => '.COM;.EXE;.BAT;.CMD;.VBS;.VBE;.JS;.JSE;.WSF;.WSH;.MSC'
    'WINDIR' => 'C:\\Windows'
    'SERVER_SIGNATURE' => ''
    'SERVER_SOFTWARE' => 'Apache/2.4.23 (Win32) OpenSSL/1.0.2j PHP/5.5.38'
    'SERVER_NAME' => 'admin.demo.com'
    'SERVER_ADDR' => '127.0.0.1'
    'SERVER_PORT' => '80'
    'REMOTE_ADDR' => '127.0.0.1'
    'DOCUMENT_ROOT' => 'E:/phpstudy/WWW/Yii2/backend/web'
    'REQUEST_SCHEME' => 'http'
    'CONTEXT_PREFIX' => ''
    'CONTEXT_DOCUMENT_ROOT' => 'E:/phpstudy/WWW/Yii2/backend/web'
    'SERVER_ADMIN' => 'admin@phpStudy.net'
    'SCRIPT_FILENAME' => 'E:/phpstudy/WWW/Yii2/backend/web/index.php'
    'REMOTE_PORT' => '56363'
    'GATEWAY_INTERFACE' => 'CGI/1.1'
    'SERVER_PROTOCOL' => 'HTTP/1.1'
    'REQUEST_METHOD' => 'GET'
    'QUERY_STRING' => ''
    'REQUEST_URI' => '/'
    'SCRIPT_NAME' => '/index.php'
    'PHP_SELF' => '/index.php'
    'REQUEST_TIME_FLOAT' => 1514384294.561
    'REQUEST_TIME' => 1514384294
]
2017-12-27 14:26:46 [127.0.0.1][1][-][error][yii\web\HttpException:404] exception 'yii\base\InvalidRouteException' with message 'Unable to resolve the request "member/index".' in E:\phpstudy\WWW\Yii2\vendor\yiisoft\yii2\base\Module.php:538
Stack trace:
#0 E:\phpstudy\WWW\Yii2\vendor\yiisoft\yii2\web\Application.php(103): yii\base\Module->runAction('member/index', Array)
#1 E:\phpstudy\WWW\Yii2\vendor\yiisoft\yii2\base\Application.php(386): yii\web\Application->handleRequest(Object(yii\web\Request))
#2 E:\phpstudy\WWW\Yii2\backend\web\index.php(17): yii\base\Application->run()
#3 {main}

Next exception 'yii\web\NotFoundHttpException' with message '' in E:\phpstudy\WWW\Yii2\vendor\yiisoft\yii2\web\Application.php:115
Stack trace:
#0 E:\phpstudy\WWW\Yii2\vendor\yiisoft\yii2\base\Application.php(386): yii\web\Application->handleRequest(Object(yii\web\Request))
#1 E:\phpstudy\WWW\Yii2\backend\web\index.php(17): yii\base\Application->run()
#2 {main}
2017-12-27 14:26:46 [127.0.0.1][1][-][info][application] $_COOKIE = [
    '_csrf-backend' => '7e3e487be6fe8a66cded18753b3c38c91cd9e8e6d7b7f899ab4c1b83f378203ca:2:{i:0;s:13:\"_csrf-backend\";i:1;s:32:\"YYDA256BCY2vDFApHSZM2gq7VhmH_34T\";}'
    'advanced-backend' => 'qp8tu37bs4uhbtrrc759vasu80'
]

$_SESSION = [
    '__flash' => []
    '__returnUrl' => '/'
    '__id' => 1
]

$_SERVER = [
    'REDIRECT_STATUS' => '200'
    'HTTP_HOST' => 'admin.demo.com'
    'HTTP_CONNECTION' => 'keep-alive'
    'HTTP_UPGRADE_INSECURE_REQUESTS' => '1'
    'HTTP_USER_AGENT' => 'Mozilla/5.0 (Windows NT 10.0; WOW64) AppleWebKit/537.36 (KHTML, like Gecko) Chrome/60.0.3112.90 Safari/537.36'
    'HTTP_ACCEPT' => 'text/html,application/xhtml+xml,application/xml;q=0.9,image/webp,image/apng,*/*;q=0.8'
    'HTTP_REFERER' => 'http://admin.demo.com/post/index.html'
    'HTTP_ACCEPT_ENCODING' => 'gzip, deflate'
    'HTTP_ACCEPT_LANGUAGE' => 'zh-CN,zh;q=0.8'
    'HTTP_COOKIE' => '_csrf-backend=7e3e487be6fe8a66cded18753b3c38c91cd9e8e6d7b7f899ab4c1b83f378203ca%3A2%3A%7Bi%3A0%3Bs%3A13%3A%22_csrf-backend%22%3Bi%3A1%3Bs%3A32%3A%22YYDA256BCY2vDFApHSZM2gq7VhmH_34T%22%3B%7D; advanced-backend=qp8tu37bs4uhbtrrc759vasu80'
    'PATH' => 'C:\\Windows\\system32;C:\\Windows;C:\\Windows\\System32\\Wbem;C:\\Windows\\System32\\WindowsPowerShell\\v1.0\\;E:\\phpstudy\\php\\php-5.4.45;E:\\phpstudy\\php\\php-5.4.45\\ext;'
    'SystemRoot' => 'C:\\Windows'
    'COMSPEC' => 'C:\\Windows\\system32\\cmd.exe'
    'PATHEXT' => '.COM;.EXE;.BAT;.CMD;.VBS;.VBE;.JS;.JSE;.WSF;.WSH;.MSC'
    'WINDIR' => 'C:\\Windows'
    'SERVER_SIGNATURE' => ''
    'SERVER_SOFTWARE' => 'Apache/2.4.23 (Win32) OpenSSL/1.0.2j PHP/5.5.38'
    'SERVER_NAME' => 'admin.demo.com'
    'SERVER_ADDR' => '127.0.0.1'
    'SERVER_PORT' => '80'
    'REMOTE_ADDR' => '127.0.0.1'
    'DOCUMENT_ROOT' => 'E:/phpstudy/WWW/Yii2/backend/web'
    'REQUEST_SCHEME' => 'http'
    'CONTEXT_PREFIX' => ''
    'CONTEXT_DOCUMENT_ROOT' => 'E:/phpstudy/WWW/Yii2/backend/web'
    'SERVER_ADMIN' => 'admin@phpStudy.net'
    'SCRIPT_FILENAME' => 'E:/phpstudy/WWW/Yii2/backend/web/index.php'
    'REMOTE_PORT' => '56593'
    'REDIRECT_URL' => '/member/index.html'
    'GATEWAY_INTERFACE' => 'CGI/1.1'
    'SERVER_PROTOCOL' => 'HTTP/1.1'
    'REQUEST_METHOD' => 'GET'
    'QUERY_STRING' => ''
    'REQUEST_URI' => '/member/index.html'
    'SCRIPT_NAME' => '/index.php'
    'PHP_SELF' => '/index.php'
    'REQUEST_TIME_FLOAT' => 1514384806.441
    'REQUEST_TIME' => 1514384806
]
